{"/Users/anag/Springboard/Express/express-jobly/app.js": {"path":"/Users/anag/Springboard/Express/express-jobly/app.js","statementMap":{"0":{"start":{"line":5,"column":16},"end":{"line":5,"column":34}},"1":{"start":{"line":6,"column":13},"end":{"line":6,"column":28}},"2":{"start":{"line":8,"column":26},"end":{"line":8,"column":51}},"3":{"start":{"line":10,"column":28},"end":{"line":10,"column":56}},"4":{"start":{"line":11,"column":19},"end":{"line":11,"column":43}},"5":{"start":{"line":12,"column":24},"end":{"line":12,"column":53}},"6":{"start":{"line":13,"column":20},"end":{"line":13,"column":45}},"7":{"start":{"line":14,"column":19},"end":{"line":14,"column":43}},"8":{"start":{"line":16,"column":15},"end":{"line":16,"column":32}},"9":{"start":{"line":18,"column":12},"end":{"line":18,"column":21}},"10":{"start":{"line":20,"column":0},"end":{"line":20,"column":16}},"11":{"start":{"line":21,"column":0},"end":{"line":21,"column":24}},"12":{"start":{"line":22,"column":0},"end":{"line":22,"column":24}},"13":{"start":{"line":23,"column":0},"end":{"line":23,"column":25}},"14":{"start":{"line":25,"column":0},"end":{"line":25,"column":29}},"15":{"start":{"line":26,"column":0},"end":{"line":26,"column":39}},"16":{"start":{"line":27,"column":0},"end":{"line":27,"column":31}},"17":{"start":{"line":28,"column":0},"end":{"line":28,"column":29}},"18":{"start":{"line":31,"column":0},"end":{"line":33,"column":3}},"19":{"start":{"line":32,"column":1},"end":{"line":32,"column":34}},"20":{"start":{"line":36,"column":0},"end":{"line":45,"column":3}},"21":{"start":{"line":37,"column":1},"end":{"line":38,"column":27}},"22":{"start":{"line":38,"column":2},"end":{"line":38,"column":27}},"23":{"start":{"line":39,"column":16},"end":{"line":39,"column":33}},"24":{"start":{"line":40,"column":17},"end":{"line":40,"column":28}},"25":{"start":{"line":42,"column":1},"end":{"line":44,"column":4}},"26":{"start":{"line":47,"column":0},"end":{"line":47,"column":21}}},"fnMap":{"0":{"name":"(anonymous_0)","decl":{"start":{"line":31,"column":8},"end":{"line":31,"column":9}},"loc":{"start":{"line":31,"column":34},"end":{"line":33,"column":1}},"line":31},"1":{"name":"(anonymous_1)","decl":{"start":{"line":36,"column":8},"end":{"line":36,"column":9}},"loc":{"start":{"line":36,"column":39},"end":{"line":45,"column":1}},"line":36}},"branchMap":{"0":{"loc":{"start":{"line":37,"column":1},"end":{"line":38,"column":27}},"type":"if","locations":[{"start":{"line":37,"column":1},"end":{"line":38,"column":27}},{"start":{},"end":{}}],"line":37},"1":{"loc":{"start":{"line":39,"column":16},"end":{"line":39,"column":33}},"type":"binary-expr","locations":[{"start":{"line":39,"column":16},"end":{"line":39,"column":26}},{"start":{"line":39,"column":30},"end":{"line":39,"column":33}}],"line":39}},"s":{"0":5,"1":5,"2":5,"3":5,"4":5,"5":5,"6":5,"7":5,"8":5,"9":5,"10":5,"11":5,"12":5,"13":5,"14":5,"15":5,"16":5,"17":5,"18":5,"19":2,"20":5,"21":36,"22":1,"23":36,"24":36,"25":36,"26":5},"f":{"0":2,"1":36},"b":{"0":[1,35],"1":[36,1]},"_coverageSchema":"1a1c01bbd47fc00a2c39e90264f33305004495a9","hash":"b593c5be25fdd908e29c51bb03ac29364d64e1cc"}
,"/Users/anag/Springboard/Express/express-jobly/config.js": {"path":"/Users/anag/Springboard/Express/express-jobly/config.js","statementMap":{"0":{"start":{"line":5,"column":0},"end":{"line":5,"column":27}},"1":{"start":{"line":6,"column":0},"end":{"line":6,"column":18}},"2":{"start":{"line":8,"column":19},"end":{"line":8,"column":57}},"3":{"start":{"line":10,"column":13},"end":{"line":10,"column":38}},"4":{"start":{"line":14,"column":2},"end":{"line":16,"column":58}},"5":{"start":{"line":22,"column":27},"end":{"line":22,"column":67}},"6":{"start":{"line":24,"column":0},"end":{"line":24,"column":35}},"7":{"start":{"line":25,"column":0},"end":{"line":25,"column":46}},"8":{"start":{"line":26,"column":0},"end":{"line":26,"column":45}},"9":{"start":{"line":27,"column":0},"end":{"line":27,"column":61}},"10":{"start":{"line":28,"column":0},"end":{"line":28,"column":50}},"11":{"start":{"line":29,"column":0},"end":{"line":29,"column":19}},"12":{"start":{"line":31,"column":0},"end":{"line":36,"column":2}}},"fnMap":{"0":{"name":"getDatabaseUri","decl":{"start":{"line":13,"column":9},"end":{"line":13,"column":23}},"loc":{"start":{"line":13,"column":26},"end":{"line":17,"column":1}},"line":13}},"branchMap":{"0":{"loc":{"start":{"line":8,"column":19},"end":{"line":8,"column":57}},"type":"binary-expr","locations":[{"start":{"line":8,"column":19},"end":{"line":8,"column":41}},{"start":{"line":8,"column":45},"end":{"line":8,"column":57}}],"line":8},"1":{"loc":{"start":{"line":10,"column":13},"end":{"line":10,"column":38}},"type":"binary-expr","locations":[{"start":{"line":10,"column":13},"end":{"line":10,"column":30}},{"start":{"line":10,"column":34},"end":{"line":10,"column":38}}],"line":10},"2":{"loc":{"start":{"line":14,"column":9},"end":{"line":16,"column":57}},"type":"cond-expr","locations":[{"start":{"line":15,"column":8},"end":{"line":15,"column":34}},{"start":{"line":16,"column":8},"end":{"line":16,"column":57}}],"line":14},"3":{"loc":{"start":{"line":16,"column":8},"end":{"line":16,"column":57}},"type":"binary-expr","locations":[{"start":{"line":16,"column":8},"end":{"line":16,"column":32}},{"start":{"line":16,"column":36},"end":{"line":16,"column":57}}],"line":16},"4":{"loc":{"start":{"line":22,"column":27},"end":{"line":22,"column":67}},"type":"cond-expr","locations":[{"start":{"line":22,"column":61},"end":{"line":22,"column":62}},{"start":{"line":22,"column":65},"end":{"line":22,"column":67}}],"line":22}},"s":{"0":11,"1":11,"2":11,"3":11,"4":22,"5":11,"6":11,"7":11,"8":11,"9":11,"10":11,"11":11,"12":11},"f":{"0":22},"b":{"0":[11,10],"1":[11,10],"2":[19,3],"3":[3,1],"4":[10,1]},"_coverageSchema":"1a1c01bbd47fc00a2c39e90264f33305004495a9","hash":"aa7106c6e2ab2783a28793f78d7c16c746190948"}
,"/Users/anag/Springboard/Express/express-jobly/db.js": {"path":"/Users/anag/Springboard/Express/express-jobly/db.js","statementMap":{"0":{"start":{"line":3,"column":19},"end":{"line":3,"column":32}},"1":{"start":{"line":4,"column":27},"end":{"line":4,"column":46}},"2":{"start":{"line":8,"column":0},"end":{"line":19,"column":1}},"3":{"start":{"line":9,"column":2},"end":{"line":14,"column":5}},"4":{"start":{"line":16,"column":2},"end":{"line":18,"column":5}},"5":{"start":{"line":21,"column":0},"end":{"line":21,"column":13}},"6":{"start":{"line":23,"column":0},"end":{"line":23,"column":20}}},"fnMap":{},"branchMap":{"0":{"loc":{"start":{"line":8,"column":0},"end":{"line":19,"column":1}},"type":"if","locations":[{"start":{"line":8,"column":0},"end":{"line":19,"column":1}},{"start":{"line":15,"column":7},"end":{"line":19,"column":1}}],"line":8}},"s":{"0":8,"1":8,"2":8,"3":0,"4":8,"5":8,"6":8},"f":{},"b":{"0":[0,8]},"_coverageSchema":"1a1c01bbd47fc00a2c39e90264f33305004495a9","hash":"1e6427cb1279bdb789bb92836d31d0dc1f48614e"}
,"/Users/anag/Springboard/Express/express-jobly/expressError.js": {"path":"/Users/anag/Springboard/Express/express-jobly/expressError.js","statementMap":{"0":{"start":{"line":9,"column":4},"end":{"line":9,"column":12}},"1":{"start":{"line":10,"column":4},"end":{"line":10,"column":27}},"2":{"start":{"line":11,"column":4},"end":{"line":11,"column":25}},"3":{"start":{"line":19,"column":4},"end":{"line":19,"column":24}},"4":{"start":{"line":27,"column":4},"end":{"line":27,"column":24}},"5":{"start":{"line":35,"column":4},"end":{"line":35,"column":24}},"6":{"start":{"line":43,"column":4},"end":{"line":43,"column":24}},"7":{"start":{"line":47,"column":0},"end":{"line":53,"column":2}}},"fnMap":{"0":{"name":"(anonymous_0)","decl":{"start":{"line":8,"column":2},"end":{"line":8,"column":3}},"loc":{"start":{"line":8,"column":31},"end":{"line":12,"column":3}},"line":8},"1":{"name":"(anonymous_1)","decl":{"start":{"line":18,"column":2},"end":{"line":18,"column":3}},"loc":{"start":{"line":18,"column":37},"end":{"line":20,"column":3}},"line":18},"2":{"name":"(anonymous_2)","decl":{"start":{"line":26,"column":2},"end":{"line":26,"column":3}},"loc":{"start":{"line":26,"column":40},"end":{"line":28,"column":3}},"line":26},"3":{"name":"(anonymous_3)","decl":{"start":{"line":34,"column":2},"end":{"line":34,"column":3}},"loc":{"start":{"line":34,"column":39},"end":{"line":36,"column":3}},"line":34},"4":{"name":"(anonymous_4)","decl":{"start":{"line":42,"column":2},"end":{"line":42,"column":3}},"loc":{"start":{"line":42,"column":39},"end":{"line":44,"column":3}},"line":42}},"branchMap":{"0":{"loc":{"start":{"line":18,"column":14},"end":{"line":18,"column":35}},"type":"default-arg","locations":[{"start":{"line":18,"column":24},"end":{"line":18,"column":35}}],"line":18},"1":{"loc":{"start":{"line":26,"column":14},"end":{"line":26,"column":38}},"type":"default-arg","locations":[{"start":{"line":26,"column":24},"end":{"line":26,"column":38}}],"line":26},"2":{"loc":{"start":{"line":34,"column":14},"end":{"line":34,"column":37}},"type":"default-arg","locations":[{"start":{"line":34,"column":24},"end":{"line":34,"column":37}}],"line":34},"3":{"loc":{"start":{"line":42,"column":14},"end":{"line":42,"column":37}},"type":"default-arg","locations":[{"start":{"line":42,"column":24},"end":{"line":42,"column":37}}],"line":42}},"s":{"0":52,"1":52,"2":52,"3":13,"4":28,"5":11,"6":0,"7":10},"f":{"0":52,"1":13,"2":28,"3":11,"4":0},"b":{"0":[2],"1":[8],"2":[0],"3":[0]},"_coverageSchema":"1a1c01bbd47fc00a2c39e90264f33305004495a9","hash":"12ec4f22ad7a64c01f7d3113ba7a47709ff8ea6a"}
,"/Users/anag/Springboard/Express/express-jobly/helpers/sql.js": {"path":"/Users/anag/Springboard/Express/express-jobly/helpers/sql.js","statementMap":{"0":{"start":{"line":1,"column":28},"end":{"line":1,"column":54}},"1":{"start":{"line":31,"column":14},"end":{"line":31,"column":39}},"2":{"start":{"line":32,"column":1},"end":{"line":33,"column":39}},"3":{"start":{"line":33,"column":2},"end":{"line":33,"column":39}},"4":{"start":{"line":36,"column":14},"end":{"line":39,"column":2}},"5":{"start":{"line":38,"column":3},"end":{"line":38,"column":49}},"6":{"start":{"line":41,"column":1},"end":{"line":44,"column":3}},"7":{"start":{"line":47,"column":0},"end":{"line":47,"column":41}}},"fnMap":{"0":{"name":"sqlForPartialUpdate","decl":{"start":{"line":30,"column":9},"end":{"line":30,"column":28}},"loc":{"start":{"line":30,"column":52},"end":{"line":45,"column":1}},"line":30},"1":{"name":"(anonymous_1)","decl":{"start":{"line":37,"column":2},"end":{"line":37,"column":3}},"loc":{"start":{"line":38,"column":3},"end":{"line":38,"column":49}},"line":38}},"branchMap":{"0":{"loc":{"start":{"line":32,"column":1},"end":{"line":33,"column":39}},"type":"if","locations":[{"start":{"line":32,"column":1},"end":{"line":33,"column":39}},{"start":{},"end":{}}],"line":32},"1":{"loc":{"start":{"line":38,"column":7},"end":{"line":38,"column":34}},"type":"binary-expr","locations":[{"start":{"line":38,"column":7},"end":{"line":38,"column":23}},{"start":{"line":38,"column":27},"end":{"line":38,"column":34}}],"line":38}},"s":{"0":9,"1":18,"2":18,"3":3,"4":15,"5":33,"6":15,"7":9},"f":{"0":18,"1":33},"b":{"0":[3,15],"1":[33,19]},"_coverageSchema":"1a1c01bbd47fc00a2c39e90264f33305004495a9","hash":"adaf5b93aebcb12bd7ceb102242df58c2df60688"}
,"/Users/anag/Springboard/Express/express-jobly/helpers/tokens.js": {"path":"/Users/anag/Springboard/Express/express-jobly/helpers/tokens.js","statementMap":{"0":{"start":{"line":1,"column":12},"end":{"line":1,"column":35}},"1":{"start":{"line":2,"column":23},"end":{"line":2,"column":43}},"2":{"start":{"line":7,"column":2},"end":{"line":8,"column":58}},"3":{"start":{"line":10,"column":16},"end":{"line":13,"column":3}},"4":{"start":{"line":15,"column":2},"end":{"line":15,"column":39}},"5":{"start":{"line":18,"column":0},"end":{"line":18,"column":33}}},"fnMap":{"0":{"name":"createToken","decl":{"start":{"line":6,"column":9},"end":{"line":6,"column":20}},"loc":{"start":{"line":6,"column":27},"end":{"line":16,"column":1}},"line":6}},"branchMap":{"0":{"loc":{"start":{"line":12,"column":13},"end":{"line":12,"column":34}},"type":"binary-expr","locations":[{"start":{"line":12,"column":13},"end":{"line":12,"column":25}},{"start":{"line":12,"column":29},"end":{"line":12,"column":34}}],"line":12}},"s":{"0":6,"1":6,"2":15,"3":15,"4":15,"5":6},"f":{"0":15},"b":{"0":[15,9]},"_coverageSchema":"1a1c01bbd47fc00a2c39e90264f33305004495a9","hash":"e6b97aefb7e182fdf7c3c914d2ae9ed63c2793e1"}
,"/Users/anag/Springboard/Express/express-jobly/middleware/auth.js": {"path":"/Users/anag/Springboard/Express/express-jobly/middleware/auth.js","statementMap":{"0":{"start":{"line":5,"column":12},"end":{"line":5,"column":35}},"1":{"start":{"line":6,"column":23},"end":{"line":6,"column":43}},"2":{"start":{"line":7,"column":30},"end":{"line":7,"column":56}},"3":{"start":{"line":19,"column":2},"end":{"line":28,"column":3}},"4":{"start":{"line":20,"column":23},"end":{"line":20,"column":63}},"5":{"start":{"line":21,"column":4},"end":{"line":24,"column":5}},"6":{"start":{"line":22,"column":20},"end":{"line":22,"column":64}},"7":{"start":{"line":23,"column":6},"end":{"line":23,"column":54}},"8":{"start":{"line":25,"column":4},"end":{"line":25,"column":18}},"9":{"start":{"line":27,"column":4},"end":{"line":27,"column":18}},"10":{"start":{"line":37,"column":2},"end":{"line":42,"column":3}},"11":{"start":{"line":38,"column":4},"end":{"line":38,"column":56}},"12":{"start":{"line":38,"column":26},"end":{"line":38,"column":56}},"13":{"start":{"line":39,"column":4},"end":{"line":39,"column":18}},"14":{"start":{"line":41,"column":4},"end":{"line":41,"column":21}},"15":{"start":{"line":46,"column":0},"end":{"line":49,"column":2}}},"fnMap":{"0":{"name":"authenticateJWT","decl":{"start":{"line":18,"column":9},"end":{"line":18,"column":24}},"loc":{"start":{"line":18,"column":41},"end":{"line":29,"column":1}},"line":18},"1":{"name":"ensureLoggedIn","decl":{"start":{"line":36,"column":9},"end":{"line":36,"column":23}},"loc":{"start":{"line":36,"column":40},"end":{"line":43,"column":1}},"line":36}},"branchMap":{"0":{"loc":{"start":{"line":20,"column":23},"end":{"line":20,"column":63}},"type":"binary-expr","locations":[{"start":{"line":20,"column":23},"end":{"line":20,"column":34}},{"start":{"line":20,"column":38},"end":{"line":20,"column":63}}],"line":20},"1":{"loc":{"start":{"line":21,"column":4},"end":{"line":24,"column":5}},"type":"if","locations":[{"start":{"line":21,"column":4},"end":{"line":24,"column":5}},{"start":{},"end":{}}],"line":21},"2":{"loc":{"start":{"line":38,"column":4},"end":{"line":38,"column":56}},"type":"if","locations":[{"start":{"line":38,"column":4},"end":{"line":38,"column":56}},{"start":{},"end":{}}],"line":38}},"s":{"0":6,"1":6,"2":6,"3":105,"4":105,"5":105,"6":67,"7":67,"8":104,"9":1,"10":41,"11":41,"12":8,"13":33,"14":8,"15":6},"f":{"0":105,"1":41},"b":{"0":[105,104],"1":[67,38],"2":[8,33]},"_coverageSchema":"1a1c01bbd47fc00a2c39e90264f33305004495a9","hash":"495204d41ca2a17d5605af18bdc293fa9573af3f"}
,"/Users/anag/Springboard/Express/express-jobly/models/_testCommon.js": {"path":"/Users/anag/Springboard/Express/express-jobly/models/_testCommon.js","statementMap":{"0":{"start":{"line":1,"column":15},"end":{"line":1,"column":32}},"1":{"start":{"line":3,"column":11},"end":{"line":3,"column":30}},"2":{"start":{"line":4,"column":31},"end":{"line":4,"column":51}},"3":{"start":{"line":8,"column":1},"end":{"line":8,"column":41}},"4":{"start":{"line":10,"column":1},"end":{"line":10,"column":37}},"5":{"start":{"line":11,"column":1},"end":{"line":11,"column":36}},"6":{"start":{"line":14,"column":1},"end":{"line":16,"column":3}},"7":{"start":{"line":18,"column":1},"end":{"line":22,"column":55}},"8":{"start":{"line":24,"column":1},"end":{"line":38,"column":3}},"9":{"start":{"line":40,"column":1},"end":{"line":43,"column":41}},"10":{"start":{"line":47,"column":1},"end":{"line":47,"column":25}},"11":{"start":{"line":51,"column":1},"end":{"line":51,"column":28}},"12":{"start":{"line":55,"column":1},"end":{"line":55,"column":16}},"13":{"start":{"line":58,"column":0},"end":{"line":63,"column":2}}},"fnMap":{"0":{"name":"commonBeforeAll","decl":{"start":{"line":6,"column":15},"end":{"line":6,"column":30}},"loc":{"start":{"line":6,"column":33},"end":{"line":44,"column":1}},"line":6},"1":{"name":"commonBeforeEach","decl":{"start":{"line":46,"column":15},"end":{"line":46,"column":31}},"loc":{"start":{"line":46,"column":34},"end":{"line":48,"column":1}},"line":46},"2":{"name":"commonAfterEach","decl":{"start":{"line":50,"column":15},"end":{"line":50,"column":30}},"loc":{"start":{"line":50,"column":33},"end":{"line":52,"column":1}},"line":50},"3":{"name":"commonAfterAll","decl":{"start":{"line":54,"column":15},"end":{"line":54,"column":29}},"loc":{"start":{"line":54,"column":32},"end":{"line":56,"column":1}},"line":54}},"branchMap":{},"s":{"0":3,"1":3,"2":3,"3":3,"4":3,"5":3,"6":3,"7":3,"8":3,"9":3,"10":39,"11":39,"12":3,"13":3},"f":{"0":3,"1":39,"2":39,"3":3},"b":{},"_coverageSchema":"1a1c01bbd47fc00a2c39e90264f33305004495a9","hash":"d6cabfc6f1ad29a44e3cb89e0820bd39b1e4f543"}
,"/Users/anag/Springboard/Express/express-jobly/models/company.js": {"path":"/Users/anag/Springboard/Express/express-jobly/models/company.js","statementMap":{"0":{"start":{"line":3,"column":11},"end":{"line":3,"column":27}},"1":{"start":{"line":7,"column":4},"end":{"line":7,"column":30}},"2":{"start":{"line":8,"column":32},"end":{"line":8,"column":57}},"3":{"start":{"line":29,"column":25},"end":{"line":34,"column":3}},"4":{"start":{"line":36,"column":2},"end":{"line":39,"column":5}},"5":{"start":{"line":37,"column":3},"end":{"line":39,"column":5}},"6":{"start":{"line":41,"column":17},"end":{"line":47,"column":3}},"7":{"start":{"line":48,"column":18},"end":{"line":48,"column":32}},"8":{"start":{"line":50,"column":2},"end":{"line":50,"column":17}},"9":{"start":{"line":71,"column":14},"end":{"line":71,"column":119}},"10":{"start":{"line":72,"column":25},"end":{"line":72,"column":27}},"11":{"start":{"line":73,"column":20},"end":{"line":73,"column":22}},"12":{"start":{"line":75,"column":2},"end":{"line":80,"column":3}},"13":{"start":{"line":76,"column":3},"end":{"line":76,"column":34}},"14":{"start":{"line":77,"column":3},"end":{"line":79,"column":5}},"15":{"start":{"line":82,"column":2},"end":{"line":87,"column":3}},"16":{"start":{"line":83,"column":3},"end":{"line":83,"column":34}},"17":{"start":{"line":84,"column":3},"end":{"line":86,"column":5}},"18":{"start":{"line":89,"column":2},"end":{"line":94,"column":3}},"19":{"start":{"line":90,"column":3},"end":{"line":90,"column":37}},"20":{"start":{"line":91,"column":3},"end":{"line":93,"column":5}},"21":{"start":{"line":96,"column":2},"end":{"line":98,"column":3}},"22":{"start":{"line":97,"column":3},"end":{"line":97,"column":55}},"23":{"start":{"line":100,"column":2},"end":{"line":100,"column":28}},"24":{"start":{"line":101,"column":23},"end":{"line":101,"column":57}},"25":{"start":{"line":102,"column":2},"end":{"line":102,"column":27}},"26":{"start":{"line":114,"column":21},"end":{"line":123,"column":3}},"27":{"start":{"line":125,"column":18},"end":{"line":125,"column":36}},"28":{"start":{"line":127,"column":2},"end":{"line":128,"column":52}},"29":{"start":{"line":128,"column":3},"end":{"line":128,"column":52}},"30":{"start":{"line":131,"column":18},"end":{"line":136,"column":3}},"31":{"start":{"line":139,"column":2},"end":{"line":139,"column":30}},"32":{"start":{"line":141,"column":2},"end":{"line":141,"column":17}},"33":{"start":{"line":157,"column":30},"end":{"line":160,"column":4}},"34":{"start":{"line":161,"column":23},"end":{"line":161,"column":48}},"35":{"start":{"line":163,"column":19},"end":{"line":170,"column":54}},"36":{"start":{"line":171,"column":17},"end":{"line":174,"column":4}},"37":{"start":{"line":175,"column":18},"end":{"line":175,"column":32}},"38":{"start":{"line":177,"column":2},"end":{"line":178,"column":52}},"39":{"start":{"line":178,"column":3},"end":{"line":178,"column":52}},"40":{"start":{"line":180,"column":2},"end":{"line":180,"column":17}},"41":{"start":{"line":189,"column":17},"end":{"line":195,"column":3}},"42":{"start":{"line":196,"column":18},"end":{"line":196,"column":32}},"43":{"start":{"line":198,"column":2},"end":{"line":199,"column":52}},"44":{"start":{"line":199,"column":3},"end":{"line":199,"column":52}},"45":{"start":{"line":203,"column":0},"end":{"line":203,"column":25}}},"fnMap":{"0":{"name":"(anonymous_0)","decl":{"start":{"line":22,"column":1},"end":{"line":22,"column":2}},"loc":{"start":{"line":28,"column":4},"end":{"line":51,"column":2}},"line":28},"1":{"name":"(anonymous_1)","decl":{"start":{"line":66,"column":1},"end":{"line":66,"column":2}},"loc":{"start":{"line":70,"column":9},"end":{"line":103,"column":2}},"line":70},"2":{"name":"(anonymous_2)","decl":{"start":{"line":113,"column":1},"end":{"line":113,"column":2}},"loc":{"start":{"line":113,"column":26},"end":{"line":142,"column":2}},"line":113},"3":{"name":"(anonymous_3)","decl":{"start":{"line":156,"column":1},"end":{"line":156,"column":2}},"loc":{"start":{"line":156,"column":35},"end":{"line":181,"column":2}},"line":156},"4":{"name":"(anonymous_4)","decl":{"start":{"line":188,"column":1},"end":{"line":188,"column":2}},"loc":{"start":{"line":188,"column":29},"end":{"line":200,"column":2}},"line":188}},"branchMap":{"0":{"loc":{"start":{"line":36,"column":2},"end":{"line":39,"column":5}},"type":"if","locations":[{"start":{"line":36,"column":2},"end":{"line":39,"column":5}},{"start":{},"end":{}}],"line":36},"1":{"loc":{"start":{"line":66,"column":22},"end":{"line":70,"column":7}},"type":"default-arg","locations":[{"start":{"line":70,"column":5},"end":{"line":70,"column":7}}],"line":66},"2":{"loc":{"start":{"line":75,"column":2},"end":{"line":80,"column":3}},"type":"if","locations":[{"start":{"line":75,"column":2},"end":{"line":80,"column":3}},{"start":{},"end":{}}],"line":75},"3":{"loc":{"start":{"line":82,"column":2},"end":{"line":87,"column":3}},"type":"if","locations":[{"start":{"line":82,"column":2},"end":{"line":87,"column":3}},{"start":{},"end":{}}],"line":82},"4":{"loc":{"start":{"line":89,"column":2},"end":{"line":94,"column":3}},"type":"if","locations":[{"start":{"line":89,"column":2},"end":{"line":94,"column":3}},{"start":{},"end":{}}],"line":89},"5":{"loc":{"start":{"line":96,"column":2},"end":{"line":98,"column":3}},"type":"if","locations":[{"start":{"line":96,"column":2},"end":{"line":98,"column":3}},{"start":{},"end":{}}],"line":96},"6":{"loc":{"start":{"line":127,"column":2},"end":{"line":128,"column":52}},"type":"if","locations":[{"start":{"line":127,"column":2},"end":{"line":128,"column":52}},{"start":{},"end":{}}],"line":127},"7":{"loc":{"start":{"line":177,"column":2},"end":{"line":178,"column":52}},"type":"if","locations":[{"start":{"line":177,"column":2},"end":{"line":178,"column":52}},{"start":{},"end":{}}],"line":177},"8":{"loc":{"start":{"line":198,"column":2},"end":{"line":199,"column":52}},"type":"if","locations":[{"start":{"line":198,"column":2},"end":{"line":199,"column":52}},{"start":{},"end":{}}],"line":198}},"s":{"0":6,"1":6,"2":6,"3":16,"4":16,"5":1,"6":15,"7":15,"8":15,"9":7,"10":7,"11":7,"12":7,"13":3,"14":3,"15":7,"16":2,"17":2,"18":7,"19":1,"20":1,"21":7,"22":3,"23":7,"24":7,"25":6,"26":8,"27":8,"28":8,"29":2,"30":6,"31":6,"32":6,"33":5,"34":4,"35":4,"36":4,"37":4,"38":4,"39":1,"40":3,"41":3,"42":3,"43":3,"44":1,"45":6},"f":{"0":16,"1":7,"2":8,"3":5,"4":3},"b":{"0":[1,15],"1":[2],"2":[3,4],"3":[2,5],"4":[1,6],"5":[3,4],"6":[2,6],"7":[1,3],"8":[1,2]},"_coverageSchema":"1a1c01bbd47fc00a2c39e90264f33305004495a9","hash":"7a3241bc6e7811356081ea6c3df29096d0e51a78"}
,"/Users/anag/Springboard/Express/express-jobly/models/job.js": {"path":"/Users/anag/Springboard/Express/express-jobly/models/job.js","statementMap":{"0":{"start":{"line":3,"column":11},"end":{"line":3,"column":27}},"1":{"start":{"line":4,"column":26},"end":{"line":4,"column":52}},"2":{"start":{"line":5,"column":32},"end":{"line":5,"column":57}},"3":{"start":{"line":20,"column":17},"end":{"line":25,"column":3}},"4":{"start":{"line":26,"column":14},"end":{"line":26,"column":28}},"5":{"start":{"line":28,"column":2},"end":{"line":28,"column":13}},"6":{"start":{"line":40,"column":14},"end":{"line":41,"column":22}},"7":{"start":{"line":42,"column":24},"end":{"line":42,"column":26}},"8":{"start":{"line":43,"column":20},"end":{"line":43,"column":22}},"9":{"start":{"line":46,"column":2},"end":{"line":51,"column":3}},"10":{"start":{"line":47,"column":3},"end":{"line":47,"column":34}},"11":{"start":{"line":48,"column":3},"end":{"line":50,"column":5}},"12":{"start":{"line":53,"column":2},"end":{"line":58,"column":3}},"13":{"start":{"line":54,"column":3},"end":{"line":54,"column":31}},"14":{"start":{"line":55,"column":3},"end":{"line":57,"column":5}},"15":{"start":{"line":60,"column":2},"end":{"line":62,"column":3}},"16":{"start":{"line":61,"column":3},"end":{"line":61,"column":38}},"17":{"start":{"line":65,"column":2},"end":{"line":67,"column":3}},"18":{"start":{"line":66,"column":3},"end":{"line":66,"column":54}},"19":{"start":{"line":69,"column":2},"end":{"line":69,"column":29}},"20":{"start":{"line":72,"column":18},"end":{"line":72,"column":52}},"21":{"start":{"line":73,"column":2},"end":{"line":73,"column":22}},"22":{"start":{"line":83,"column":17},"end":{"line":88,"column":3}},"23":{"start":{"line":90,"column":14},"end":{"line":90,"column":28}},"24":{"start":{"line":91,"column":2},"end":{"line":91,"column":53}},"25":{"start":{"line":91,"column":12},"end":{"line":91,"column":53}},"26":{"start":{"line":93,"column":2},"end":{"line":93,"column":13}},"27":{"start":{"line":105,"column":30},"end":{"line":108,"column":3}},"28":{"start":{"line":109,"column":19},"end":{"line":109,"column":44}},"29":{"start":{"line":111,"column":19},"end":{"line":114,"column":93}},"30":{"start":{"line":115,"column":17},"end":{"line":118,"column":4}},"31":{"start":{"line":119,"column":14},"end":{"line":119,"column":28}},"32":{"start":{"line":121,"column":2},"end":{"line":121,"column":53}},"33":{"start":{"line":121,"column":12},"end":{"line":121,"column":53}},"34":{"start":{"line":123,"column":2},"end":{"line":123,"column":13}},"35":{"start":{"line":130,"column":17},"end":{"line":136,"column":3}},"36":{"start":{"line":137,"column":14},"end":{"line":137,"column":28}},"37":{"start":{"line":139,"column":2},"end":{"line":139,"column":53}},"38":{"start":{"line":139,"column":12},"end":{"line":139,"column":53}},"39":{"start":{"line":143,"column":0},"end":{"line":143,"column":21}}},"fnMap":{"0":{"name":"(anonymous_0)","decl":{"start":{"line":14,"column":1},"end":{"line":14,"column":2}},"loc":{"start":{"line":19,"column":4},"end":{"line":29,"column":2}},"line":19},"1":{"name":"(anonymous_1)","decl":{"start":{"line":35,"column":1},"end":{"line":35,"column":2}},"loc":{"start":{"line":39,"column":9},"end":{"line":74,"column":2}},"line":39},"2":{"name":"(anonymous_2)","decl":{"start":{"line":82,"column":1},"end":{"line":82,"column":2}},"loc":{"start":{"line":82,"column":22},"end":{"line":94,"column":2}},"line":82},"3":{"name":"(anonymous_3)","decl":{"start":{"line":104,"column":1},"end":{"line":104,"column":2}},"loc":{"start":{"line":104,"column":31},"end":{"line":124,"column":2}},"line":104},"4":{"name":"(anonymous_4)","decl":{"start":{"line":129,"column":1},"end":{"line":129,"column":2}},"loc":{"start":{"line":129,"column":25},"end":{"line":140,"column":2}},"line":129}},"branchMap":{"0":{"loc":{"start":{"line":35,"column":22},"end":{"line":39,"column":7}},"type":"default-arg","locations":[{"start":{"line":39,"column":5},"end":{"line":39,"column":7}}],"line":35},"1":{"loc":{"start":{"line":46,"column":2},"end":{"line":51,"column":3}},"type":"if","locations":[{"start":{"line":46,"column":2},"end":{"line":51,"column":3}},{"start":{},"end":{}}],"line":46},"2":{"loc":{"start":{"line":53,"column":2},"end":{"line":58,"column":3}},"type":"if","locations":[{"start":{"line":53,"column":2},"end":{"line":58,"column":3}},{"start":{},"end":{}}],"line":53},"3":{"loc":{"start":{"line":60,"column":2},"end":{"line":62,"column":3}},"type":"if","locations":[{"start":{"line":60,"column":2},"end":{"line":62,"column":3}},{"start":{},"end":{}}],"line":60},"4":{"loc":{"start":{"line":65,"column":2},"end":{"line":67,"column":3}},"type":"if","locations":[{"start":{"line":65,"column":2},"end":{"line":67,"column":3}},{"start":{},"end":{}}],"line":65},"5":{"loc":{"start":{"line":91,"column":2},"end":{"line":91,"column":53}},"type":"if","locations":[{"start":{"line":91,"column":2},"end":{"line":91,"column":53}},{"start":{},"end":{}}],"line":91},"6":{"loc":{"start":{"line":121,"column":2},"end":{"line":121,"column":53}},"type":"if","locations":[{"start":{"line":121,"column":2},"end":{"line":121,"column":53}},{"start":{},"end":{}}],"line":121},"7":{"loc":{"start":{"line":139,"column":2},"end":{"line":139,"column":53}},"type":"if","locations":[{"start":{"line":139,"column":2},"end":{"line":139,"column":53}},{"start":{},"end":{}}],"line":139}},"s":{"0":6,"1":6,"2":6,"3":10,"4":10,"5":10,"6":6,"7":6,"8":6,"9":6,"10":1,"11":1,"12":6,"13":1,"14":1,"15":6,"16":2,"17":6,"18":4,"19":6,"20":6,"21":6,"22":4,"23":4,"24":4,"25":2,"26":2,"27":3,"28":3,"29":3,"30":3,"31":3,"32":3,"33":1,"34":2,"35":3,"36":3,"37":3,"38":1,"39":6},"f":{"0":10,"1":6,"2":4,"3":3,"4":3},"b":{"0":[1],"1":[1,5],"2":[1,5],"3":[2,4],"4":[4,2],"5":[2,2],"6":[1,2],"7":[1,2]},"_coverageSchema":"1a1c01bbd47fc00a2c39e90264f33305004495a9","hash":"d3064538568c7af0d96c35b00aea001d1b1d6923"}
,"/Users/anag/Springboard/Express/express-jobly/models/user.js": {"path":"/Users/anag/Springboard/Express/express-jobly/models/user.js","statementMap":{"0":{"start":{"line":3,"column":11},"end":{"line":3,"column":27}},"1":{"start":{"line":4,"column":15},"end":{"line":4,"column":32}},"2":{"start":{"line":5,"column":32},"end":{"line":5,"column":57}},"3":{"start":{"line":10,"column":4},"end":{"line":10,"column":30}},"4":{"start":{"line":12,"column":31},"end":{"line":12,"column":54}},"5":{"start":{"line":26,"column":17},"end":{"line":36,"column":3}},"6":{"start":{"line":38,"column":15},"end":{"line":38,"column":29}},"7":{"start":{"line":40,"column":2},"end":{"line":50,"column":3}},"8":{"start":{"line":42,"column":19},"end":{"line":45,"column":4}},"9":{"start":{"line":46,"column":3},"end":{"line":49,"column":4}},"10":{"start":{"line":47,"column":4},"end":{"line":47,"column":25}},"11":{"start":{"line":48,"column":4},"end":{"line":48,"column":16}},"12":{"start":{"line":52,"column":2},"end":{"line":54,"column":4}},"13":{"start":{"line":72,"column":25},"end":{"line":77,"column":3}},"14":{"start":{"line":79,"column":2},"end":{"line":83,"column":3}},"15":{"start":{"line":80,"column":3},"end":{"line":82,"column":5}},"16":{"start":{"line":85,"column":25},"end":{"line":88,"column":3}},"17":{"start":{"line":90,"column":17},"end":{"line":108,"column":3}},"18":{"start":{"line":110,"column":15},"end":{"line":110,"column":29}},"19":{"start":{"line":112,"column":2},"end":{"line":112,"column":14}},"20":{"start":{"line":121,"column":17},"end":{"line":129,"column":3}},"21":{"start":{"line":131,"column":2},"end":{"line":131,"column":21}},"22":{"start":{"line":143,"column":18},"end":{"line":152,"column":3}},"23":{"start":{"line":154,"column":15},"end":{"line":154,"column":30}},"24":{"start":{"line":156,"column":2},"end":{"line":157,"column":51}},"25":{"start":{"line":157,"column":3},"end":{"line":157,"column":51}},"26":{"start":{"line":159,"column":17},"end":{"line":159,"column":57}},"27":{"start":{"line":161,"column":2},"end":{"line":161,"column":35}},"28":{"start":{"line":182,"column":2},"end":{"line":187,"column":3}},"29":{"start":{"line":183,"column":3},"end":{"line":186,"column":5}},"30":{"start":{"line":189,"column":30},"end":{"line":193,"column":4}},"31":{"start":{"line":194,"column":25},"end":{"line":194,"column":50}},"32":{"start":{"line":196,"column":19},"end":{"line":203,"column":54}},"33":{"start":{"line":204,"column":17},"end":{"line":207,"column":4}},"34":{"start":{"line":208,"column":15},"end":{"line":208,"column":29}},"35":{"start":{"line":210,"column":2},"end":{"line":211,"column":51}},"36":{"start":{"line":211,"column":3},"end":{"line":211,"column":51}},"37":{"start":{"line":213,"column":2},"end":{"line":213,"column":23}},"38":{"start":{"line":214,"column":2},"end":{"line":214,"column":14}},"39":{"start":{"line":228,"column":20},"end":{"line":233,"column":3}},"40":{"start":{"line":235,"column":2},"end":{"line":236,"column":51}},"41":{"start":{"line":236,"column":3},"end":{"line":236,"column":51}},"42":{"start":{"line":239,"column":19},"end":{"line":244,"column":3}},"43":{"start":{"line":246,"column":2},"end":{"line":247,"column":47}},"44":{"start":{"line":247,"column":3},"end":{"line":247,"column":47}},"45":{"start":{"line":250,"column":2},"end":{"line":254,"column":4}},"46":{"start":{"line":256,"column":2},"end":{"line":256,"column":28}},"47":{"start":{"line":265,"column":17},"end":{"line":271,"column":3}},"48":{"start":{"line":273,"column":2},"end":{"line":273,"column":35}},"49":{"start":{"line":273,"column":25},"end":{"line":273,"column":33}},"50":{"start":{"line":279,"column":15},"end":{"line":285,"column":3}},"51":{"start":{"line":286,"column":15},"end":{"line":286,"column":29}},"52":{"start":{"line":288,"column":2},"end":{"line":289,"column":51}},"53":{"start":{"line":289,"column":3},"end":{"line":289,"column":51}},"54":{"start":{"line":293,"column":0},"end":{"line":293,"column":22}}},"fnMap":{"0":{"name":"(anonymous_0)","decl":{"start":{"line":24,"column":1},"end":{"line":24,"column":2}},"loc":{"start":{"line":24,"column":47},"end":{"line":55,"column":2}},"line":24},"1":{"name":"(anonymous_1)","decl":{"start":{"line":64,"column":1},"end":{"line":64,"column":2}},"loc":{"start":{"line":71,"column":4},"end":{"line":113,"column":2}},"line":71},"2":{"name":"(anonymous_2)","decl":{"start":{"line":120,"column":1},"end":{"line":120,"column":2}},"loc":{"start":{"line":120,"column":24},"end":{"line":132,"column":2}},"line":120},"3":{"name":"(anonymous_3)","decl":{"start":{"line":142,"column":1},"end":{"line":142,"column":2}},"loc":{"start":{"line":142,"column":28},"end":{"line":162,"column":2}},"line":142},"4":{"name":"(anonymous_4)","decl":{"start":{"line":181,"column":1},"end":{"line":181,"column":2}},"loc":{"start":{"line":181,"column":37},"end":{"line":215,"column":2}},"line":181},"5":{"name":"(anonymous_5)","decl":{"start":{"line":226,"column":1},"end":{"line":226,"column":2}},"loc":{"start":{"line":226,"column":43},"end":{"line":257,"column":2}},"line":226},"6":{"name":"(anonymous_6)","decl":{"start":{"line":264,"column":1},"end":{"line":264,"column":2}},"loc":{"start":{"line":264,"column":44},"end":{"line":274,"column":2}},"line":264},"7":{"name":"(anonymous_7)","decl":{"start":{"line":273,"column":18},"end":{"line":273,"column":19}},"loc":{"start":{"line":273,"column":25},"end":{"line":273,"column":33}},"line":273},"8":{"name":"(anonymous_8)","decl":{"start":{"line":278,"column":1},"end":{"line":278,"column":2}},"loc":{"start":{"line":278,"column":31},"end":{"line":290,"column":2}},"line":278}},"branchMap":{"0":{"loc":{"start":{"line":40,"column":2},"end":{"line":50,"column":3}},"type":"if","locations":[{"start":{"line":40,"column":2},"end":{"line":50,"column":3}},{"start":{},"end":{}}],"line":40},"1":{"loc":{"start":{"line":46,"column":3},"end":{"line":49,"column":4}},"type":"if","locations":[{"start":{"line":46,"column":3},"end":{"line":49,"column":4}},{"start":{},"end":{}}],"line":46},"2":{"loc":{"start":{"line":79,"column":2},"end":{"line":83,"column":3}},"type":"if","locations":[{"start":{"line":79,"column":2},"end":{"line":83,"column":3}},{"start":{},"end":{}}],"line":79},"3":{"loc":{"start":{"line":156,"column":2},"end":{"line":157,"column":51}},"type":"if","locations":[{"start":{"line":156,"column":2},"end":{"line":157,"column":51}},{"start":{},"end":{}}],"line":156},"4":{"loc":{"start":{"line":182,"column":2},"end":{"line":187,"column":3}},"type":"if","locations":[{"start":{"line":182,"column":2},"end":{"line":187,"column":3}},{"start":{},"end":{}}],"line":182},"5":{"loc":{"start":{"line":210,"column":2},"end":{"line":211,"column":51}},"type":"if","locations":[{"start":{"line":210,"column":2},"end":{"line":211,"column":51}},{"start":{},"end":{}}],"line":210},"6":{"loc":{"start":{"line":235,"column":2},"end":{"line":236,"column":51}},"type":"if","locations":[{"start":{"line":235,"column":2},"end":{"line":236,"column":51}},{"start":{},"end":{}}],"line":235},"7":{"loc":{"start":{"line":246,"column":2},"end":{"line":247,"column":47}},"type":"if","locations":[{"start":{"line":246,"column":2},"end":{"line":247,"column":47}},{"start":{},"end":{}}],"line":246},"8":{"loc":{"start":{"line":288,"column":2},"end":{"line":289,"column":51}},"type":"if","locations":[{"start":{"line":288,"column":2},"end":{"line":289,"column":51}},{"start":{},"end":{}}],"line":288}},"s":{"0":6,"1":6,"2":6,"3":6,"4":6,"5":6,"6":6,"7":6,"8":3,"9":3,"10":2,"11":2,"12":4,"13":19,"14":19,"15":1,"16":18,"17":18,"18":18,"19":18,"20":2,"21":2,"22":4,"23":4,"24":4,"25":1,"26":3,"27":3,"28":6,"29":1,"30":6,"31":5,"32":5,"33":5,"34":5,"35":5,"36":1,"37":4,"38":4,"39":1,"40":1,"41":0,"42":1,"43":1,"44":0,"45":1,"46":1,"47":3,"48":3,"49":0,"50":2,"51":2,"52":2,"53":1,"54":6},"f":{"0":6,"1":19,"2":2,"3":4,"4":6,"5":1,"6":3,"7":0,"8":2},"b":{"0":[3,3],"1":[2,1],"2":[1,18],"3":[1,3],"4":[1,5],"5":[1,4],"6":[0,1],"7":[0,1],"8":[1,1]},"_coverageSchema":"1a1c01bbd47fc00a2c39e90264f33305004495a9","hash":"5c8110d38a3405928732b02958e6323e2f974357"}
,"/Users/anag/Springboard/Express/express-jobly/routes/_testCommon.js": {"path":"/Users/anag/Springboard/Express/express-jobly/routes/_testCommon.js","statementMap":{"0":{"start":{"line":3,"column":11},"end":{"line":3,"column":30}},"1":{"start":{"line":4,"column":13},"end":{"line":4,"column":38}},"2":{"start":{"line":5,"column":16},"end":{"line":5,"column":44}},"3":{"start":{"line":6,"column":12},"end":{"line":6,"column":36}},"4":{"start":{"line":7,"column":24},"end":{"line":7,"column":52}},"5":{"start":{"line":11,"column":1},"end":{"line":11,"column":37}},"6":{"start":{"line":13,"column":1},"end":{"line":13,"column":41}},"7":{"start":{"line":14,"column":1},"end":{"line":14,"column":36}},"8":{"start":{"line":17,"column":1},"end":{"line":19,"column":3}},"9":{"start":{"line":21,"column":1},"end":{"line":27,"column":4}},"10":{"start":{"line":28,"column":1},"end":{"line":34,"column":4}},"11":{"start":{"line":35,"column":1},"end":{"line":41,"column":4}},"12":{"start":{"line":44,"column":14},"end":{"line":49,"column":3}},"13":{"start":{"line":50,"column":14},"end":{"line":55,"column":3}},"14":{"start":{"line":57,"column":1},"end":{"line":64,"column":4}},"15":{"start":{"line":65,"column":1},"end":{"line":72,"column":4}},"16":{"start":{"line":73,"column":1},"end":{"line":80,"column":4}},"17":{"start":{"line":84,"column":1},"end":{"line":84,"column":25}},"18":{"start":{"line":88,"column":1},"end":{"line":88,"column":28}},"19":{"start":{"line":92,"column":1},"end":{"line":92,"column":16}},"20":{"start":{"line":95,"column":16},"end":{"line":98,"column":2}},"21":{"start":{"line":99,"column":19},"end":{"line":102,"column":2}},"22":{"start":{"line":104,"column":0},"end":{"line":111,"column":2}}},"fnMap":{"0":{"name":"commonBeforeAll","decl":{"start":{"line":9,"column":15},"end":{"line":9,"column":30}},"loc":{"start":{"line":9,"column":33},"end":{"line":81,"column":1}},"line":9},"1":{"name":"commonBeforeEach","decl":{"start":{"line":83,"column":15},"end":{"line":83,"column":31}},"loc":{"start":{"line":83,"column":34},"end":{"line":85,"column":1}},"line":83},"2":{"name":"commonAfterEach","decl":{"start":{"line":87,"column":15},"end":{"line":87,"column":30}},"loc":{"start":{"line":87,"column":33},"end":{"line":89,"column":1}},"line":87},"3":{"name":"commonAfterAll","decl":{"start":{"line":91,"column":15},"end":{"line":91,"column":29}},"loc":{"start":{"line":91,"column":32},"end":{"line":93,"column":1}},"line":91}},"branchMap":{},"s":{"0":4,"1":4,"2":4,"3":4,"4":4,"5":4,"6":4,"7":4,"8":4,"9":4,"10":4,"11":4,"12":4,"13":4,"14":4,"15":4,"16":4,"17":61,"18":61,"19":4,"20":4,"21":4,"22":4},"f":{"0":4,"1":61,"2":61,"3":4},"b":{},"_coverageSchema":"1a1c01bbd47fc00a2c39e90264f33305004495a9","hash":"3add62a021463c005b8982e63c4cb40d0d6d6684"}
,"/Users/anag/Springboard/Express/express-jobly/routes/auth.js": {"path":"/Users/anag/Springboard/Express/express-jobly/routes/auth.js","statementMap":{"0":{"start":{"line":5,"column":19},"end":{"line":5,"column":40}},"1":{"start":{"line":7,"column":13},"end":{"line":7,"column":38}},"2":{"start":{"line":8,"column":16},"end":{"line":8,"column":34}},"3":{"start":{"line":9,"column":15},"end":{"line":9,"column":35}},"4":{"start":{"line":10,"column":24},"end":{"line":10,"column":52}},"5":{"start":{"line":11,"column":23},"end":{"line":11,"column":58}},"6":{"start":{"line":12,"column":27},"end":{"line":12,"column":66}},"7":{"start":{"line":13,"column":28},"end":{"line":13,"column":54}},"8":{"start":{"line":22,"column":0},"end":{"line":37,"column":3}},"9":{"start":{"line":23,"column":2},"end":{"line":36,"column":3}},"10":{"start":{"line":24,"column":22},"end":{"line":24,"column":67}},"11":{"start":{"line":25,"column":4},"end":{"line":28,"column":5}},"12":{"start":{"line":26,"column":19},"end":{"line":26,"column":53}},"13":{"start":{"line":26,"column":45},"end":{"line":26,"column":52}},"14":{"start":{"line":27,"column":6},"end":{"line":27,"column":38}},"15":{"start":{"line":30,"column":35},"end":{"line":30,"column":43}},"16":{"start":{"line":31,"column":17},"end":{"line":31,"column":60}},"17":{"start":{"line":32,"column":18},"end":{"line":32,"column":35}},"18":{"start":{"line":33,"column":4},"end":{"line":33,"column":31}},"19":{"start":{"line":35,"column":4},"end":{"line":35,"column":21}},"20":{"start":{"line":49,"column":0},"end":{"line":63,"column":3}},"21":{"start":{"line":50,"column":2},"end":{"line":62,"column":3}},"22":{"start":{"line":51,"column":22},"end":{"line":51,"column":71}},"23":{"start":{"line":52,"column":4},"end":{"line":55,"column":5}},"24":{"start":{"line":53,"column":19},"end":{"line":53,"column":53}},"25":{"start":{"line":53,"column":45},"end":{"line":53,"column":52}},"26":{"start":{"line":54,"column":6},"end":{"line":54,"column":38}},"27":{"start":{"line":57,"column":20},"end":{"line":57,"column":72}},"28":{"start":{"line":58,"column":18},"end":{"line":58,"column":38}},"29":{"start":{"line":59,"column":4},"end":{"line":59,"column":43}},"30":{"start":{"line":61,"column":4},"end":{"line":61,"column":21}},"31":{"start":{"line":66,"column":0},"end":{"line":66,"column":24}}},"fnMap":{"0":{"name":"(anonymous_0)","decl":{"start":{"line":22,"column":22},"end":{"line":22,"column":23}},"loc":{"start":{"line":22,"column":54},"end":{"line":37,"column":1}},"line":22},"1":{"name":"(anonymous_1)","decl":{"start":{"line":26,"column":40},"end":{"line":26,"column":41}},"loc":{"start":{"line":26,"column":45},"end":{"line":26,"column":52}},"line":26},"2":{"name":"(anonymous_2)","decl":{"start":{"line":49,"column":25},"end":{"line":49,"column":26}},"loc":{"start":{"line":49,"column":57},"end":{"line":63,"column":1}},"line":49},"3":{"name":"(anonymous_3)","decl":{"start":{"line":53,"column":40},"end":{"line":53,"column":41}},"loc":{"start":{"line":53,"column":45},"end":{"line":53,"column":52}},"line":53}},"branchMap":{"0":{"loc":{"start":{"line":25,"column":4},"end":{"line":28,"column":5}},"type":"if","locations":[{"start":{"line":25,"column":4},"end":{"line":28,"column":5}},{"start":{},"end":{}}],"line":25},"1":{"loc":{"start":{"line":52,"column":4},"end":{"line":55,"column":5}},"type":"if","locations":[{"start":{"line":52,"column":4},"end":{"line":55,"column":5}},{"start":{},"end":{}}],"line":52}},"s":{"0":5,"1":5,"2":5,"3":5,"4":5,"5":5,"6":5,"7":5,"8":5,"9":5,"10":5,"11":5,"12":2,"13":2,"14":2,"15":3,"16":3,"17":1,"18":1,"19":4,"20":5,"21":3,"22":3,"23":3,"24":2,"25":5,"26":2,"27":1,"28":1,"29":1,"30":2,"31":5},"f":{"0":5,"1":2,"2":3,"3":5},"b":{"0":[2,3],"1":[2,1]},"_coverageSchema":"1a1c01bbd47fc00a2c39e90264f33305004495a9","hash":"de9520811a67ca7f426667d740f2dbf7cc89d9e6"}
,"/Users/anag/Springboard/Express/express-jobly/routes/companies.js": {"path":"/Users/anag/Springboard/Express/express-jobly/routes/companies.js","statementMap":{"0":{"start":{"line":5,"column":19},"end":{"line":5,"column":40}},"1":{"start":{"line":6,"column":16},"end":{"line":6,"column":34}},"2":{"start":{"line":11,"column":4},"end":{"line":11,"column":30}},"3":{"start":{"line":15,"column":4},"end":{"line":15,"column":33}},"4":{"start":{"line":16,"column":16},"end":{"line":16,"column":44}},"5":{"start":{"line":18,"column":25},"end":{"line":18,"column":62}},"6":{"start":{"line":19,"column":28},"end":{"line":19,"column":68}},"7":{"start":{"line":21,"column":15},"end":{"line":21,"column":35}},"8":{"start":{"line":32,"column":0},"end":{"line":62,"column":2}},"9":{"start":{"line":37,"column":2},"end":{"line":60,"column":3}},"10":{"start":{"line":38,"column":23},"end":{"line":38,"column":38}},"11":{"start":{"line":41,"column":3},"end":{"line":45,"column":4}},"12":{"start":{"line":42,"column":4},"end":{"line":44,"column":6}},"13":{"start":{"line":47,"column":21},"end":{"line":50,"column":4}},"14":{"start":{"line":51,"column":3},"end":{"line":54,"column":4}},"15":{"start":{"line":52,"column":17},"end":{"line":52,"column":53}},"16":{"start":{"line":52,"column":45},"end":{"line":52,"column":52}},"17":{"start":{"line":53,"column":4},"end":{"line":53,"column":36}},"18":{"start":{"line":56,"column":19},"end":{"line":56,"column":49}},"19":{"start":{"line":57,"column":3},"end":{"line":57,"column":44}},"20":{"start":{"line":59,"column":3},"end":{"line":59,"column":20}},"21":{"start":{"line":75,"column":0},"end":{"line":100,"column":3}},"22":{"start":{"line":76,"column":1},"end":{"line":99,"column":2}},"23":{"start":{"line":78,"column":3},"end":{"line":78,"column":13}},"24":{"start":{"line":81,"column":2},"end":{"line":89,"column":3}},"25":{"start":{"line":86,"column":3},"end":{"line":88,"column":5}},"26":{"start":{"line":91,"column":20},"end":{"line":95,"column":4}},"27":{"start":{"line":96,"column":2},"end":{"line":96,"column":33}},"28":{"start":{"line":98,"column":2},"end":{"line":98,"column":19}},"29":{"start":{"line":110,"column":0},"end":{"line":117,"column":3}},"30":{"start":{"line":111,"column":1},"end":{"line":116,"column":2}},"31":{"start":{"line":112,"column":18},"end":{"line":112,"column":54}},"32":{"start":{"line":113,"column":2},"end":{"line":113,"column":31}},"33":{"start":{"line":115,"column":2},"end":{"line":115,"column":19}},"34":{"start":{"line":130,"column":0},"end":{"line":162,"column":2}},"35":{"start":{"line":135,"column":2},"end":{"line":160,"column":3}},"36":{"start":{"line":136,"column":23},"end":{"line":136,"column":38}},"37":{"start":{"line":138,"column":3},"end":{"line":142,"column":4}},"38":{"start":{"line":139,"column":4},"end":{"line":141,"column":6}},"39":{"start":{"line":144,"column":21},"end":{"line":147,"column":4}},"40":{"start":{"line":148,"column":3},"end":{"line":151,"column":4}},"41":{"start":{"line":149,"column":17},"end":{"line":149,"column":53}},"42":{"start":{"line":149,"column":45},"end":{"line":149,"column":52}},"43":{"start":{"line":150,"column":4},"end":{"line":150,"column":36}},"44":{"start":{"line":153,"column":19},"end":{"line":156,"column":4}},"45":{"start":{"line":157,"column":3},"end":{"line":157,"column":32}},"46":{"start":{"line":159,"column":3},"end":{"line":159,"column":20}},"47":{"start":{"line":169,"column":0},"end":{"line":190,"column":2}},"48":{"start":{"line":174,"column":2},"end":{"line":188,"column":3}},"49":{"start":{"line":175,"column":23},"end":{"line":175,"column":38}},"50":{"start":{"line":178,"column":3},"end":{"line":182,"column":4}},"51":{"start":{"line":179,"column":4},"end":{"line":181,"column":6}},"52":{"start":{"line":184,"column":3},"end":{"line":184,"column":43}},"53":{"start":{"line":185,"column":3},"end":{"line":185,"column":51}},"54":{"start":{"line":187,"column":3},"end":{"line":187,"column":20}},"55":{"start":{"line":192,"column":0},"end":{"line":192,"column":24}}},"fnMap":{"0":{"name":"(anonymous_0)","decl":{"start":{"line":36,"column":1},"end":{"line":36,"column":2}},"loc":{"start":{"line":36,"column":33},"end":{"line":61,"column":2}},"line":36},"1":{"name":"(anonymous_1)","decl":{"start":{"line":52,"column":38},"end":{"line":52,"column":39}},"loc":{"start":{"line":52,"column":45},"end":{"line":52,"column":52}},"line":52},"2":{"name":"(anonymous_2)","decl":{"start":{"line":75,"column":16},"end":{"line":75,"column":17}},"loc":{"start":{"line":75,"column":48},"end":{"line":100,"column":1}},"line":75},"3":{"name":"(anonymous_3)","decl":{"start":{"line":110,"column":23},"end":{"line":110,"column":24}},"loc":{"start":{"line":110,"column":55},"end":{"line":117,"column":1}},"line":110},"4":{"name":"(anonymous_4)","decl":{"start":{"line":134,"column":1},"end":{"line":134,"column":2}},"loc":{"start":{"line":134,"column":33},"end":{"line":161,"column":2}},"line":134},"5":{"name":"(anonymous_5)","decl":{"start":{"line":149,"column":38},"end":{"line":149,"column":39}},"loc":{"start":{"line":149,"column":45},"end":{"line":149,"column":52}},"line":149},"6":{"name":"(anonymous_6)","decl":{"start":{"line":173,"column":1},"end":{"line":173,"column":2}},"loc":{"start":{"line":173,"column":33},"end":{"line":189,"column":2}},"line":173}},"branchMap":{"0":{"loc":{"start":{"line":41,"column":3},"end":{"line":45,"column":4}},"type":"if","locations":[{"start":{"line":41,"column":3},"end":{"line":45,"column":4}},{"start":{},"end":{}}],"line":41},"1":{"loc":{"start":{"line":51,"column":3},"end":{"line":54,"column":4}},"type":"if","locations":[{"start":{"line":51,"column":3},"end":{"line":54,"column":4}},{"start":{},"end":{}}],"line":51},"2":{"loc":{"start":{"line":81,"column":2},"end":{"line":89,"column":3}},"type":"if","locations":[{"start":{"line":81,"column":2},"end":{"line":89,"column":3}},{"start":{},"end":{}}],"line":81},"3":{"loc":{"start":{"line":82,"column":3},"end":{"line":84,"column":32}},"type":"binary-expr","locations":[{"start":{"line":82,"column":3},"end":{"line":82,"column":29}},{"start":{"line":83,"column":3},"end":{"line":83,"column":29}},{"start":{"line":84,"column":3},"end":{"line":84,"column":32}}],"line":82},"4":{"loc":{"start":{"line":138,"column":3},"end":{"line":142,"column":4}},"type":"if","locations":[{"start":{"line":138,"column":3},"end":{"line":142,"column":4}},{"start":{},"end":{}}],"line":138},"5":{"loc":{"start":{"line":148,"column":3},"end":{"line":151,"column":4}},"type":"if","locations":[{"start":{"line":148,"column":3},"end":{"line":151,"column":4}},{"start":{},"end":{}}],"line":148},"6":{"loc":{"start":{"line":178,"column":3},"end":{"line":182,"column":4}},"type":"if","locations":[{"start":{"line":178,"column":3},"end":{"line":182,"column":4}},{"start":{},"end":{}}],"line":178}},"s":{"0":5,"1":5,"2":5,"3":5,"4":5,"5":5,"6":5,"7":5,"8":5,"9":4,"10":4,"11":4,"12":3,"13":1,"14":1,"15":0,"16":0,"17":0,"18":1,"19":1,"20":3,"21":5,"22":2,"23":2,"24":2,"25":0,"26":2,"27":1,"28":1,"29":5,"30":5,"31":5,"32":4,"33":1,"34":5,"35":4,"36":4,"37":4,"38":3,"39":1,"40":1,"41":0,"42":0,"43":0,"44":1,"45":1,"46":3,"47":5,"48":2,"49":2,"50":2,"51":1,"52":1,"53":1,"54":1,"55":5},"f":{"0":4,"1":0,"2":2,"3":5,"4":4,"5":0,"6":2},"b":{"0":[3,1],"1":[0,1],"2":[0,2],"3":[2,0,0],"4":[3,1],"5":[0,1],"6":[1,1]},"_coverageSchema":"1a1c01bbd47fc00a2c39e90264f33305004495a9","hash":"f4f5397816c75faf39dc44037f7ef1d9ba29d89e"}
,"/Users/anag/Springboard/Express/express-jobly/routes/jobs.js": {"path":"/Users/anag/Springboard/Express/express-jobly/routes/jobs.js","statementMap":{"0":{"start":{"line":3,"column":19},"end":{"line":3,"column":40}},"1":{"start":{"line":4,"column":16},"end":{"line":4,"column":34}},"2":{"start":{"line":9,"column":4},"end":{"line":9,"column":30}},"3":{"start":{"line":13,"column":4},"end":{"line":13,"column":33}},"4":{"start":{"line":14,"column":12},"end":{"line":14,"column":36}},"5":{"start":{"line":16,"column":21},"end":{"line":16,"column":54}},"6":{"start":{"line":17,"column":24},"end":{"line":17,"column":60}},"7":{"start":{"line":19,"column":15},"end":{"line":19,"column":35}},"8":{"start":{"line":28,"column":0},"end":{"line":55,"column":2}},"9":{"start":{"line":33,"column":2},"end":{"line":53,"column":3}},"10":{"start":{"line":34,"column":23},"end":{"line":34,"column":38}},"11":{"start":{"line":35,"column":3},"end":{"line":38,"column":6}},"12":{"start":{"line":36,"column":4},"end":{"line":38,"column":6}},"13":{"start":{"line":40,"column":21},"end":{"line":43,"column":4}},"14":{"start":{"line":44,"column":3},"end":{"line":47,"column":4}},"15":{"start":{"line":45,"column":17},"end":{"line":45,"column":54}},"16":{"start":{"line":45,"column":46},"end":{"line":45,"column":53}},"17":{"start":{"line":46,"column":4},"end":{"line":46,"column":36}},"18":{"start":{"line":49,"column":15},"end":{"line":49,"column":41}},"19":{"start":{"line":50,"column":3},"end":{"line":50,"column":40}},"20":{"start":{"line":52,"column":3},"end":{"line":52,"column":20}},"21":{"start":{"line":63,"column":0},"end":{"line":80,"column":3}},"22":{"start":{"line":64,"column":1},"end":{"line":79,"column":2}},"23":{"start":{"line":65,"column":42},"end":{"line":65,"column":51}},"24":{"start":{"line":69,"column":3},"end":{"line":69,"column":54}},"25":{"start":{"line":71,"column":15},"end":{"line":75,"column":4}},"26":{"start":{"line":76,"column":2},"end":{"line":76,"column":28}},"27":{"start":{"line":78,"column":2},"end":{"line":78,"column":19}},"28":{"start":{"line":88,"column":0},"end":{"line":95,"column":3}},"29":{"start":{"line":89,"column":1},"end":{"line":94,"column":2}},"30":{"start":{"line":90,"column":14},"end":{"line":90,"column":42}},"31":{"start":{"line":91,"column":2},"end":{"line":91,"column":27}},"32":{"start":{"line":93,"column":2},"end":{"line":93,"column":19}},"33":{"start":{"line":107,"column":0},"end":{"line":134,"column":2}},"34":{"start":{"line":112,"column":2},"end":{"line":132,"column":3}},"35":{"start":{"line":113,"column":23},"end":{"line":113,"column":38}},"36":{"start":{"line":114,"column":3},"end":{"line":117,"column":6}},"37":{"start":{"line":115,"column":4},"end":{"line":117,"column":6}},"38":{"start":{"line":119,"column":21},"end":{"line":122,"column":4}},"39":{"start":{"line":123,"column":3},"end":{"line":126,"column":4}},"40":{"start":{"line":124,"column":17},"end":{"line":124,"column":53}},"41":{"start":{"line":124,"column":45},"end":{"line":124,"column":52}},"42":{"start":{"line":125,"column":4},"end":{"line":125,"column":36}},"43":{"start":{"line":128,"column":15},"end":{"line":128,"column":56}},"44":{"start":{"line":129,"column":3},"end":{"line":129,"column":28}},"45":{"start":{"line":131,"column":3},"end":{"line":131,"column":20}},"46":{"start":{"line":140,"column":0},"end":{"line":158,"column":2}},"47":{"start":{"line":145,"column":2},"end":{"line":156,"column":3}},"48":{"start":{"line":146,"column":23},"end":{"line":146,"column":38}},"49":{"start":{"line":147,"column":3},"end":{"line":150,"column":6}},"50":{"start":{"line":148,"column":4},"end":{"line":150,"column":6}},"51":{"start":{"line":152,"column":3},"end":{"line":152,"column":35}},"52":{"start":{"line":153,"column":3},"end":{"line":153,"column":47}},"53":{"start":{"line":155,"column":3},"end":{"line":155,"column":20}},"54":{"start":{"line":160,"column":0},"end":{"line":160,"column":24}}},"fnMap":{"0":{"name":"(anonymous_0)","decl":{"start":{"line":32,"column":1},"end":{"line":32,"column":2}},"loc":{"start":{"line":32,"column":33},"end":{"line":54,"column":2}},"line":32},"1":{"name":"(anonymous_1)","decl":{"start":{"line":45,"column":39},"end":{"line":45,"column":40}},"loc":{"start":{"line":45,"column":46},"end":{"line":45,"column":53}},"line":45},"2":{"name":"(anonymous_2)","decl":{"start":{"line":63,"column":16},"end":{"line":63,"column":17}},"loc":{"start":{"line":63,"column":48},"end":{"line":80,"column":1}},"line":63},"3":{"name":"(anonymous_3)","decl":{"start":{"line":88,"column":19},"end":{"line":88,"column":20}},"loc":{"start":{"line":88,"column":51},"end":{"line":95,"column":1}},"line":88},"4":{"name":"(anonymous_4)","decl":{"start":{"line":111,"column":1},"end":{"line":111,"column":2}},"loc":{"start":{"line":111,"column":33},"end":{"line":133,"column":2}},"line":111},"5":{"name":"(anonymous_5)","decl":{"start":{"line":124,"column":38},"end":{"line":124,"column":39}},"loc":{"start":{"line":124,"column":45},"end":{"line":124,"column":52}},"line":124},"6":{"name":"(anonymous_6)","decl":{"start":{"line":144,"column":1},"end":{"line":144,"column":2}},"loc":{"start":{"line":144,"column":33},"end":{"line":157,"column":2}},"line":144}},"branchMap":{"0":{"loc":{"start":{"line":35,"column":3},"end":{"line":38,"column":6}},"type":"if","locations":[{"start":{"line":35,"column":3},"end":{"line":38,"column":6}},{"start":{},"end":{}}],"line":35},"1":{"loc":{"start":{"line":44,"column":3},"end":{"line":47,"column":4}},"type":"if","locations":[{"start":{"line":44,"column":3},"end":{"line":47,"column":4}},{"start":{},"end":{}}],"line":44},"2":{"loc":{"start":{"line":69,"column":3},"end":{"line":69,"column":54}},"type":"cond-expr","locations":[{"start":{"line":69,"column":26},"end":{"line":69,"column":30}},{"start":{"line":69,"column":33},"end":{"line":69,"column":54}}],"line":69},"3":{"loc":{"start":{"line":114,"column":3},"end":{"line":117,"column":6}},"type":"if","locations":[{"start":{"line":114,"column":3},"end":{"line":117,"column":6}},{"start":{},"end":{}}],"line":114},"4":{"loc":{"start":{"line":123,"column":3},"end":{"line":126,"column":4}},"type":"if","locations":[{"start":{"line":123,"column":3},"end":{"line":126,"column":4}},{"start":{},"end":{}}],"line":123},"5":{"loc":{"start":{"line":147,"column":3},"end":{"line":150,"column":6}},"type":"if","locations":[{"start":{"line":147,"column":3},"end":{"line":150,"column":6}},{"start":{},"end":{}}],"line":147}},"s":{"0":5,"1":5,"2":5,"3":5,"4":5,"5":5,"6":5,"7":5,"8":5,"9":2,"10":2,"11":2,"12":1,"13":1,"14":1,"15":0,"16":0,"17":0,"18":1,"19":1,"20":1,"21":5,"22":5,"23":5,"24":5,"25":5,"26":5,"27":0,"28":5,"29":2,"30":2,"31":1,"32":1,"33":5,"34":2,"35":2,"36":2,"37":1,"38":1,"39":1,"40":0,"41":0,"42":0,"43":1,"44":1,"45":1,"46":5,"47":2,"48":2,"49":2,"50":1,"51":1,"52":1,"53":1,"54":5},"f":{"0":2,"1":0,"2":5,"3":2,"4":2,"5":0,"6":2},"b":{"0":[1,1],"1":[0,1],"2":[1,4],"3":[1,1],"4":[0,1],"5":[1,1]},"_coverageSchema":"1a1c01bbd47fc00a2c39e90264f33305004495a9","hash":"c2cc56858dd5ef0c15b3f074cc3c1ecd1962cc4e"}
,"/Users/anag/Springboard/Express/express-jobly/routes/users.js": {"path":"/Users/anag/Springboard/Express/express-jobly/routes/users.js","statementMap":{"0":{"start":{"line":5,"column":19},"end":{"line":5,"column":40}},"1":{"start":{"line":7,"column":16},"end":{"line":7,"column":34}},"2":{"start":{"line":11,"column":4},"end":{"line":11,"column":33}},"3":{"start":{"line":15,"column":4},"end":{"line":15,"column":30}},"4":{"start":{"line":16,"column":13},"end":{"line":16,"column":38}},"5":{"start":{"line":17,"column":24},"end":{"line":17,"column":52}},"6":{"start":{"line":18,"column":22},"end":{"line":18,"column":56}},"7":{"start":{"line":19,"column":25},"end":{"line":19,"column":62}},"8":{"start":{"line":21,"column":15},"end":{"line":21,"column":31}},"9":{"start":{"line":35,"column":0},"end":{"line":63,"column":2}},"10":{"start":{"line":40,"column":2},"end":{"line":61,"column":3}},"11":{"start":{"line":41,"column":3},"end":{"line":45,"column":4}},"12":{"start":{"line":42,"column":4},"end":{"line":44,"column":6}},"13":{"start":{"line":47,"column":21},"end":{"line":50,"column":4}},"14":{"start":{"line":51,"column":3},"end":{"line":54,"column":4}},"15":{"start":{"line":52,"column":17},"end":{"line":52,"column":53}},"16":{"start":{"line":52,"column":45},"end":{"line":52,"column":52}},"17":{"start":{"line":53,"column":4},"end":{"line":53,"column":36}},"18":{"start":{"line":56,"column":16},"end":{"line":56,"column":45}},"19":{"start":{"line":57,"column":17},"end":{"line":57,"column":34}},"20":{"start":{"line":58,"column":3},"end":{"line":58,"column":48}},"21":{"start":{"line":60,"column":3},"end":{"line":60,"column":20}},"22":{"start":{"line":72,"column":0},"end":{"line":90,"column":2}},"23":{"start":{"line":77,"column":2},"end":{"line":88,"column":3}},"24":{"start":{"line":78,"column":3},"end":{"line":82,"column":4}},"25":{"start":{"line":79,"column":4},"end":{"line":81,"column":6}},"26":{"start":{"line":84,"column":17},"end":{"line":84,"column":37}},"27":{"start":{"line":85,"column":3},"end":{"line":85,"column":30}},"28":{"start":{"line":87,"column":3},"end":{"line":87,"column":20}},"29":{"start":{"line":99,"column":0},"end":{"line":123,"column":2}},"30":{"start":{"line":104,"column":2},"end":{"line":121,"column":3}},"31":{"start":{"line":105,"column":20},"end":{"line":105,"column":39}},"32":{"start":{"line":106,"column":23},"end":{"line":106,"column":38}},"33":{"start":{"line":108,"column":3},"end":{"line":115,"column":4}},"34":{"start":{"line":112,"column":4},"end":{"line":114,"column":6}},"35":{"start":{"line":117,"column":16},"end":{"line":117,"column":51}},"36":{"start":{"line":118,"column":3},"end":{"line":118,"column":29}},"37":{"start":{"line":120,"column":3},"end":{"line":120,"column":20}},"38":{"start":{"line":135,"column":0},"end":{"line":171,"column":2}},"39":{"start":{"line":140,"column":2},"end":{"line":169,"column":3}},"40":{"start":{"line":141,"column":20},"end":{"line":141,"column":39}},"41":{"start":{"line":142,"column":23},"end":{"line":142,"column":38}},"42":{"start":{"line":144,"column":3},"end":{"line":151,"column":4}},"43":{"start":{"line":148,"column":4},"end":{"line":150,"column":6}},"44":{"start":{"line":153,"column":21},"end":{"line":156,"column":4}},"45":{"start":{"line":157,"column":3},"end":{"line":160,"column":4}},"46":{"start":{"line":158,"column":17},"end":{"line":158,"column":53}},"47":{"start":{"line":158,"column":45},"end":{"line":158,"column":52}},"48":{"start":{"line":159,"column":4},"end":{"line":159,"column":36}},"49":{"start":{"line":162,"column":16},"end":{"line":165,"column":4}},"50":{"start":{"line":166,"column":3},"end":{"line":166,"column":29}},"51":{"start":{"line":168,"column":3},"end":{"line":168,"column":20}},"52":{"start":{"line":180,"column":0},"end":{"line":211,"column":2}},"53":{"start":{"line":185,"column":2},"end":{"line":209,"column":3}},"54":{"start":{"line":186,"column":40},"end":{"line":186,"column":50}},"55":{"start":{"line":187,"column":23},"end":{"line":187,"column":38}},"56":{"start":{"line":190,"column":17},"end":{"line":190,"column":41}},"57":{"start":{"line":193,"column":3},"end":{"line":200,"column":4}},"58":{"start":{"line":197,"column":4},"end":{"line":199,"column":6}},"59":{"start":{"line":202,"column":23},"end":{"line":205,"column":4}},"60":{"start":{"line":206,"column":3},"end":{"line":206,"column":39}},"61":{"start":{"line":208,"column":3},"end":{"line":208,"column":20}},"62":{"start":{"line":218,"column":0},"end":{"line":242,"column":2}},"63":{"start":{"line":223,"column":2},"end":{"line":240,"column":3}},"64":{"start":{"line":224,"column":20},"end":{"line":224,"column":39}},"65":{"start":{"line":225,"column":23},"end":{"line":225,"column":38}},"66":{"start":{"line":227,"column":3},"end":{"line":234,"column":4}},"67":{"start":{"line":231,"column":4},"end":{"line":233,"column":6}},"68":{"start":{"line":236,"column":3},"end":{"line":236,"column":42}},"69":{"start":{"line":237,"column":3},"end":{"line":237,"column":53}},"70":{"start":{"line":239,"column":3},"end":{"line":239,"column":20}},"71":{"start":{"line":244,"column":0},"end":{"line":244,"column":24}}},"fnMap":{"0":{"name":"(anonymous_0)","decl":{"start":{"line":39,"column":1},"end":{"line":39,"column":2}},"loc":{"start":{"line":39,"column":33},"end":{"line":62,"column":2}},"line":39},"1":{"name":"(anonymous_1)","decl":{"start":{"line":52,"column":38},"end":{"line":52,"column":39}},"loc":{"start":{"line":52,"column":45},"end":{"line":52,"column":52}},"line":52},"2":{"name":"(anonymous_2)","decl":{"start":{"line":76,"column":1},"end":{"line":76,"column":2}},"loc":{"start":{"line":76,"column":33},"end":{"line":89,"column":2}},"line":76},"3":{"name":"(anonymous_3)","decl":{"start":{"line":103,"column":1},"end":{"line":103,"column":2}},"loc":{"start":{"line":103,"column":33},"end":{"line":122,"column":2}},"line":103},"4":{"name":"(anonymous_4)","decl":{"start":{"line":139,"column":1},"end":{"line":139,"column":2}},"loc":{"start":{"line":139,"column":33},"end":{"line":170,"column":2}},"line":139},"5":{"name":"(anonymous_5)","decl":{"start":{"line":158,"column":38},"end":{"line":158,"column":39}},"loc":{"start":{"line":158,"column":45},"end":{"line":158,"column":52}},"line":158},"6":{"name":"(anonymous_6)","decl":{"start":{"line":184,"column":1},"end":{"line":184,"column":2}},"loc":{"start":{"line":184,"column":33},"end":{"line":210,"column":2}},"line":184},"7":{"name":"(anonymous_7)","decl":{"start":{"line":222,"column":1},"end":{"line":222,"column":2}},"loc":{"start":{"line":222,"column":33},"end":{"line":241,"column":2}},"line":222}},"branchMap":{"0":{"loc":{"start":{"line":41,"column":3},"end":{"line":45,"column":4}},"type":"if","locations":[{"start":{"line":41,"column":3},"end":{"line":45,"column":4}},{"start":{},"end":{}}],"line":41},"1":{"loc":{"start":{"line":51,"column":3},"end":{"line":54,"column":4}},"type":"if","locations":[{"start":{"line":51,"column":3},"end":{"line":54,"column":4}},{"start":{},"end":{}}],"line":51},"2":{"loc":{"start":{"line":78,"column":3},"end":{"line":82,"column":4}},"type":"if","locations":[{"start":{"line":78,"column":3},"end":{"line":82,"column":4}},{"start":{},"end":{}}],"line":78},"3":{"loc":{"start":{"line":108,"column":3},"end":{"line":115,"column":4}},"type":"if","locations":[{"start":{"line":108,"column":3},"end":{"line":115,"column":4}},{"start":{},"end":{}}],"line":108},"4":{"loc":{"start":{"line":109,"column":4},"end":{"line":110,"column":24}},"type":"binary-expr","locations":[{"start":{"line":109,"column":4},"end":{"line":109,"column":37}},{"start":{"line":110,"column":4},"end":{"line":110,"column":24}}],"line":109},"5":{"loc":{"start":{"line":144,"column":3},"end":{"line":151,"column":4}},"type":"if","locations":[{"start":{"line":144,"column":3},"end":{"line":151,"column":4}},{"start":{},"end":{}}],"line":144},"6":{"loc":{"start":{"line":145,"column":4},"end":{"line":146,"column":24}},"type":"binary-expr","locations":[{"start":{"line":145,"column":4},"end":{"line":145,"column":37}},{"start":{"line":146,"column":4},"end":{"line":146,"column":24}}],"line":145},"7":{"loc":{"start":{"line":157,"column":3},"end":{"line":160,"column":4}},"type":"if","locations":[{"start":{"line":157,"column":3},"end":{"line":160,"column":4}},{"start":{},"end":{}}],"line":157},"8":{"loc":{"start":{"line":193,"column":3},"end":{"line":200,"column":4}},"type":"if","locations":[{"start":{"line":193,"column":3},"end":{"line":200,"column":4}},{"start":{},"end":{}}],"line":193},"9":{"loc":{"start":{"line":194,"column":4},"end":{"line":195,"column":24}},"type":"binary-expr","locations":[{"start":{"line":194,"column":4},"end":{"line":194,"column":37}},{"start":{"line":195,"column":4},"end":{"line":195,"column":24}}],"line":194},"10":{"loc":{"start":{"line":227,"column":3},"end":{"line":234,"column":4}},"type":"if","locations":[{"start":{"line":227,"column":3},"end":{"line":234,"column":4}},{"start":{},"end":{}}],"line":227},"11":{"loc":{"start":{"line":228,"column":4},"end":{"line":229,"column":24}},"type":"binary-expr","locations":[{"start":{"line":228,"column":4},"end":{"line":228,"column":37}},{"start":{"line":229,"column":4},"end":{"line":229,"column":24}}],"line":228}},"s":{"0":5,"1":5,"2":5,"3":5,"4":5,"5":5,"6":5,"7":5,"8":5,"9":5,"10":5,"11":5,"12":1,"13":4,"14":4,"15":2,"16":5,"17":2,"18":2,"19":2,"20":2,"21":3,"22":5,"23":2,"24":2,"25":1,"26":1,"27":1,"28":1,"29":5,"30":4,"31":4,"32":4,"33":4,"34":2,"35":2,"36":2,"37":2,"38":5,"39":4,"40":4,"41":4,"42":4,"43":2,"44":2,"45":2,"46":0,"47":0,"48":0,"49":2,"50":2,"51":2,"52":5,"53":1,"54":1,"55":1,"56":1,"57":1,"58":0,"59":1,"60":1,"61":0,"62":5,"63":0,"64":0,"65":0,"66":0,"67":0,"68":0,"69":0,"70":0,"71":5},"f":{"0":5,"1":5,"2":2,"3":4,"4":4,"5":0,"6":1,"7":0},"b":{"0":[1,4],"1":[2,2],"2":[1,1],"3":[2,2],"4":[4,3],"5":[2,2],"6":[4,3],"7":[0,2],"8":[0,1],"9":[1,0],"10":[0,0],"11":[0,0]},"_coverageSchema":"1a1c01bbd47fc00a2c39e90264f33305004495a9","hash":"148bf1cb2e0a0579cc2dea7d98d60cceaca2a3fd"}
}
