TN:
SF:app.js
FN:31,(anonymous_0)
FN:36,(anonymous_1)
FNF:2
FNH:2
FNDA:2,(anonymous_0)
FNDA:36,(anonymous_1)
DA:5,5
DA:6,5
DA:8,5
DA:10,5
DA:11,5
DA:12,5
DA:13,5
DA:14,5
DA:16,5
DA:18,5
DA:20,5
DA:21,5
DA:22,5
DA:23,5
DA:25,5
DA:26,5
DA:27,5
DA:28,5
DA:31,5
DA:32,2
DA:36,5
DA:37,36
DA:38,1
DA:39,36
DA:40,36
DA:42,36
DA:47,5
LF:27
LH:27
BRDA:37,0,0,1
BRDA:37,0,1,35
BRDA:39,1,0,36
BRDA:39,1,1,1
BRF:4
BRH:4
end_of_record
TN:
SF:config.js
FN:13,getDatabaseUri
FNF:1
FNH:1
FNDA:22,getDatabaseUri
DA:5,11
DA:6,11
DA:8,11
DA:10,11
DA:14,22
DA:22,11
DA:24,11
DA:25,11
DA:26,11
DA:27,11
DA:28,11
DA:29,11
DA:31,11
LF:13
LH:13
BRDA:8,0,0,11
BRDA:8,0,1,10
BRDA:10,1,0,11
BRDA:10,1,1,10
BRDA:14,2,0,19
BRDA:14,2,1,3
BRDA:16,3,0,3
BRDA:16,3,1,1
BRDA:22,4,0,10
BRDA:22,4,1,1
BRF:10
BRH:10
end_of_record
TN:
SF:db.js
FNF:0
FNH:0
DA:3,8
DA:4,8
DA:8,8
DA:9,0
DA:16,8
DA:21,8
DA:23,8
LF:7
LH:6
BRDA:8,0,0,0
BRDA:8,0,1,8
BRF:2
BRH:1
end_of_record
TN:
SF:expressError.js
FN:8,(anonymous_0)
FN:18,(anonymous_1)
FN:26,(anonymous_2)
FN:34,(anonymous_3)
FN:42,(anonymous_4)
FNF:5
FNH:4
FNDA:52,(anonymous_0)
FNDA:13,(anonymous_1)
FNDA:28,(anonymous_2)
FNDA:11,(anonymous_3)
FNDA:0,(anonymous_4)
DA:9,52
DA:10,52
DA:11,52
DA:19,13
DA:27,28
DA:35,11
DA:43,0
DA:47,10
LF:8
LH:7
BRDA:18,0,0,2
BRDA:26,1,0,8
BRDA:34,2,0,0
BRDA:42,3,0,0
BRF:4
BRH:2
end_of_record
TN:
SF:helpers/sql.js
FN:30,sqlForPartialUpdate
FN:37,(anonymous_1)
FNF:2
FNH:2
FNDA:18,sqlForPartialUpdate
FNDA:33,(anonymous_1)
DA:1,9
DA:31,18
DA:32,18
DA:33,3
DA:36,15
DA:38,33
DA:41,15
DA:47,9
LF:8
LH:8
BRDA:32,0,0,3
BRDA:32,0,1,15
BRDA:38,1,0,33
BRDA:38,1,1,19
BRF:4
BRH:4
end_of_record
TN:
SF:helpers/tokens.js
FN:6,createToken
FNF:1
FNH:1
FNDA:15,createToken
DA:1,6
DA:2,6
DA:7,15
DA:10,15
DA:15,15
DA:18,6
LF:6
LH:6
BRDA:12,0,0,15
BRDA:12,0,1,9
BRF:2
BRH:2
end_of_record
TN:
SF:middleware/auth.js
FN:18,authenticateJWT
FN:36,ensureLoggedIn
FNF:2
FNH:2
FNDA:105,authenticateJWT
FNDA:41,ensureLoggedIn
DA:5,6
DA:6,6
DA:7,6
DA:19,105
DA:20,105
DA:21,105
DA:22,67
DA:23,67
DA:25,104
DA:27,1
DA:37,41
DA:38,41
DA:39,33
DA:41,8
DA:46,6
LF:15
LH:15
BRDA:20,0,0,105
BRDA:20,0,1,104
BRDA:21,1,0,67
BRDA:21,1,1,38
BRDA:38,2,0,8
BRDA:38,2,1,33
BRF:6
BRH:6
end_of_record
TN:
SF:models/_testCommon.js
FN:6,commonBeforeAll
FN:46,commonBeforeEach
FN:50,commonAfterEach
FN:54,commonAfterAll
FNF:4
FNH:4
FNDA:3,commonBeforeAll
FNDA:39,commonBeforeEach
FNDA:39,commonAfterEach
FNDA:3,commonAfterAll
DA:1,3
DA:3,3
DA:4,3
DA:8,3
DA:10,3
DA:11,3
DA:14,3
DA:18,3
DA:24,3
DA:40,3
DA:47,39
DA:51,39
DA:55,3
DA:58,3
LF:14
LH:14
BRF:0
BRH:0
end_of_record
TN:
SF:models/company.js
FN:22,(anonymous_0)
FN:66,(anonymous_1)
FN:113,(anonymous_2)
FN:156,(anonymous_3)
FN:188,(anonymous_4)
FNF:5
FNH:5
FNDA:16,(anonymous_0)
FNDA:7,(anonymous_1)
FNDA:8,(anonymous_2)
FNDA:5,(anonymous_3)
FNDA:3,(anonymous_4)
DA:3,6
DA:7,6
DA:8,6
DA:29,16
DA:36,16
DA:37,1
DA:41,15
DA:48,15
DA:50,15
DA:71,7
DA:72,7
DA:73,7
DA:75,7
DA:76,3
DA:77,3
DA:82,7
DA:83,2
DA:84,2
DA:89,7
DA:90,1
DA:91,1
DA:96,7
DA:97,3
DA:100,7
DA:101,7
DA:102,6
DA:114,8
DA:125,8
DA:127,8
DA:128,2
DA:131,6
DA:139,6
DA:141,6
DA:157,5
DA:161,4
DA:163,4
DA:171,4
DA:175,4
DA:177,4
DA:178,1
DA:180,3
DA:189,3
DA:196,3
DA:198,3
DA:199,1
DA:203,6
LF:46
LH:46
BRDA:36,0,0,1
BRDA:36,0,1,15
BRDA:66,1,0,2
BRDA:75,2,0,3
BRDA:75,2,1,4
BRDA:82,3,0,2
BRDA:82,3,1,5
BRDA:89,4,0,1
BRDA:89,4,1,6
BRDA:96,5,0,3
BRDA:96,5,1,4
BRDA:127,6,0,2
BRDA:127,6,1,6
BRDA:177,7,0,1
BRDA:177,7,1,3
BRDA:198,8,0,1
BRDA:198,8,1,2
BRF:17
BRH:17
end_of_record
TN:
SF:models/job.js
FN:14,(anonymous_0)
FN:35,(anonymous_1)
FN:82,(anonymous_2)
FN:104,(anonymous_3)
FN:129,(anonymous_4)
FNF:5
FNH:5
FNDA:10,(anonymous_0)
FNDA:6,(anonymous_1)
FNDA:4,(anonymous_2)
FNDA:3,(anonymous_3)
FNDA:3,(anonymous_4)
DA:3,6
DA:4,6
DA:5,6
DA:20,10
DA:26,10
DA:28,10
DA:40,6
DA:42,6
DA:43,6
DA:46,6
DA:47,1
DA:48,1
DA:53,6
DA:54,1
DA:55,1
DA:60,6
DA:61,2
DA:65,6
DA:66,4
DA:69,6
DA:72,6
DA:73,6
DA:83,4
DA:90,4
DA:91,4
DA:93,2
DA:105,3
DA:109,3
DA:111,3
DA:115,3
DA:119,3
DA:121,3
DA:123,2
DA:130,3
DA:137,3
DA:139,3
DA:143,6
LF:37
LH:37
BRDA:35,0,0,1
BRDA:46,1,0,1
BRDA:46,1,1,5
BRDA:53,2,0,1
BRDA:53,2,1,5
BRDA:60,3,0,2
BRDA:60,3,1,4
BRDA:65,4,0,4
BRDA:65,4,1,2
BRDA:91,5,0,2
BRDA:91,5,1,2
BRDA:121,6,0,1
BRDA:121,6,1,2
BRDA:139,7,0,1
BRDA:139,7,1,2
BRF:15
BRH:15
end_of_record
TN:
SF:models/user.js
FN:24,(anonymous_0)
FN:64,(anonymous_1)
FN:120,(anonymous_2)
FN:142,(anonymous_3)
FN:181,(anonymous_4)
FN:226,(anonymous_5)
FN:264,(anonymous_6)
FN:273,(anonymous_7)
FN:278,(anonymous_8)
FNF:9
FNH:8
FNDA:6,(anonymous_0)
FNDA:19,(anonymous_1)
FNDA:2,(anonymous_2)
FNDA:4,(anonymous_3)
FNDA:6,(anonymous_4)
FNDA:1,(anonymous_5)
FNDA:3,(anonymous_6)
FNDA:0,(anonymous_7)
FNDA:2,(anonymous_8)
DA:3,6
DA:4,6
DA:5,6
DA:10,6
DA:12,6
DA:26,6
DA:38,6
DA:40,6
DA:42,3
DA:46,3
DA:47,2
DA:48,2
DA:52,4
DA:72,19
DA:79,19
DA:80,1
DA:85,18
DA:90,18
DA:110,18
DA:112,18
DA:121,2
DA:131,2
DA:143,4
DA:154,4
DA:156,4
DA:157,1
DA:159,3
DA:161,3
DA:182,6
DA:183,1
DA:189,6
DA:194,5
DA:196,5
DA:204,5
DA:208,5
DA:210,5
DA:211,1
DA:213,4
DA:214,4
DA:228,1
DA:235,1
DA:236,0
DA:239,1
DA:246,1
DA:247,0
DA:250,1
DA:256,1
DA:265,3
DA:273,3
DA:279,2
DA:286,2
DA:288,2
DA:289,1
DA:293,6
LF:54
LH:52
BRDA:40,0,0,3
BRDA:40,0,1,3
BRDA:46,1,0,2
BRDA:46,1,1,1
BRDA:79,2,0,1
BRDA:79,2,1,18
BRDA:156,3,0,1
BRDA:156,3,1,3
BRDA:182,4,0,1
BRDA:182,4,1,5
BRDA:210,5,0,1
BRDA:210,5,1,4
BRDA:235,6,0,0
BRDA:235,6,1,1
BRDA:246,7,0,0
BRDA:246,7,1,1
BRDA:288,8,0,1
BRDA:288,8,1,1
BRF:18
BRH:16
end_of_record
TN:
SF:routes/_testCommon.js
FN:9,commonBeforeAll
FN:83,commonBeforeEach
FN:87,commonAfterEach
FN:91,commonAfterAll
FNF:4
FNH:4
FNDA:4,commonBeforeAll
FNDA:61,commonBeforeEach
FNDA:61,commonAfterEach
FNDA:4,commonAfterAll
DA:3,4
DA:4,4
DA:5,4
DA:6,4
DA:7,4
DA:11,4
DA:13,4
DA:14,4
DA:17,4
DA:21,4
DA:28,4
DA:35,4
DA:44,4
DA:50,4
DA:57,4
DA:65,4
DA:73,4
DA:84,61
DA:88,61
DA:92,4
DA:95,4
DA:99,4
DA:104,4
LF:23
LH:23
BRF:0
BRH:0
end_of_record
TN:
SF:routes/auth.js
FN:22,(anonymous_0)
FN:26,(anonymous_1)
FN:49,(anonymous_2)
FN:53,(anonymous_3)
FNF:4
FNH:4
FNDA:5,(anonymous_0)
FNDA:2,(anonymous_1)
FNDA:3,(anonymous_2)
FNDA:5,(anonymous_3)
DA:5,5
DA:7,5
DA:8,5
DA:9,5
DA:10,5
DA:11,5
DA:12,5
DA:13,5
DA:22,5
DA:23,5
DA:24,5
DA:25,5
DA:26,2
DA:27,2
DA:30,3
DA:31,3
DA:32,1
DA:33,1
DA:35,4
DA:49,5
DA:50,3
DA:51,3
DA:52,3
DA:53,5
DA:54,2
DA:57,1
DA:58,1
DA:59,1
DA:61,2
DA:66,5
LF:30
LH:30
BRDA:25,0,0,2
BRDA:25,0,1,3
BRDA:52,1,0,2
BRDA:52,1,1,1
BRF:4
BRH:4
end_of_record
TN:
SF:routes/companies.js
FN:36,(anonymous_0)
FN:52,(anonymous_1)
FN:75,(anonymous_2)
FN:110,(anonymous_3)
FN:134,(anonymous_4)
FN:149,(anonymous_5)
FN:173,(anonymous_6)
FNF:7
FNH:5
FNDA:4,(anonymous_0)
FNDA:0,(anonymous_1)
FNDA:2,(anonymous_2)
FNDA:5,(anonymous_3)
FNDA:4,(anonymous_4)
FNDA:0,(anonymous_5)
FNDA:2,(anonymous_6)
DA:5,5
DA:6,5
DA:11,5
DA:15,5
DA:16,5
DA:18,5
DA:19,5
DA:21,5
DA:32,5
DA:37,4
DA:38,4
DA:41,4
DA:42,3
DA:47,1
DA:51,1
DA:52,0
DA:53,0
DA:56,1
DA:57,1
DA:59,3
DA:75,5
DA:76,2
DA:78,2
DA:81,2
DA:86,0
DA:91,2
DA:96,1
DA:98,1
DA:110,5
DA:111,5
DA:112,5
DA:113,4
DA:115,1
DA:130,5
DA:135,4
DA:136,4
DA:138,4
DA:139,3
DA:144,1
DA:148,1
DA:149,0
DA:150,0
DA:153,1
DA:157,1
DA:159,3
DA:169,5
DA:174,2
DA:175,2
DA:178,2
DA:179,1
DA:184,1
DA:185,1
DA:187,1
DA:192,5
LF:54
LH:49
BRDA:41,0,0,3
BRDA:41,0,1,1
BRDA:51,1,0,0
BRDA:51,1,1,1
BRDA:81,2,0,0
BRDA:81,2,1,2
BRDA:82,3,0,2
BRDA:82,3,1,0
BRDA:82,3,2,0
BRDA:138,4,0,3
BRDA:138,4,1,1
BRDA:148,5,0,0
BRDA:148,5,1,1
BRDA:178,6,0,1
BRDA:178,6,1,1
BRF:15
BRH:10
end_of_record
TN:
SF:routes/jobs.js
FN:32,(anonymous_0)
FN:45,(anonymous_1)
FN:63,(anonymous_2)
FN:88,(anonymous_3)
FN:111,(anonymous_4)
FN:124,(anonymous_5)
FN:144,(anonymous_6)
FNF:7
FNH:5
FNDA:2,(anonymous_0)
FNDA:0,(anonymous_1)
FNDA:5,(anonymous_2)
FNDA:2,(anonymous_3)
FNDA:2,(anonymous_4)
FNDA:0,(anonymous_5)
FNDA:2,(anonymous_6)
DA:3,5
DA:4,5
DA:9,5
DA:13,5
DA:14,5
DA:16,5
DA:17,5
DA:19,5
DA:28,5
DA:33,2
DA:34,2
DA:35,2
DA:36,1
DA:40,1
DA:44,1
DA:45,0
DA:46,0
DA:49,1
DA:50,1
DA:52,1
DA:63,5
DA:64,5
DA:65,5
DA:69,5
DA:71,5
DA:76,5
DA:78,0
DA:88,5
DA:89,2
DA:90,2
DA:91,1
DA:93,1
DA:107,5
DA:112,2
DA:113,2
DA:114,2
DA:115,1
DA:119,1
DA:123,1
DA:124,0
DA:125,0
DA:128,1
DA:129,1
DA:131,1
DA:140,5
DA:145,2
DA:146,2
DA:147,2
DA:148,1
DA:152,1
DA:153,1
DA:155,1
DA:160,5
LF:53
LH:48
BRDA:35,0,0,1
BRDA:35,0,1,1
BRDA:44,1,0,0
BRDA:44,1,1,1
BRDA:69,2,0,1
BRDA:69,2,1,4
BRDA:114,3,0,1
BRDA:114,3,1,1
BRDA:123,4,0,0
BRDA:123,4,1,1
BRDA:147,5,0,1
BRDA:147,5,1,1
BRF:12
BRH:10
end_of_record
TN:
SF:routes/users.js
FN:39,(anonymous_0)
FN:52,(anonymous_1)
FN:76,(anonymous_2)
FN:103,(anonymous_3)
FN:139,(anonymous_4)
FN:158,(anonymous_5)
FN:184,(anonymous_6)
FN:222,(anonymous_7)
FNF:8
FNH:6
FNDA:5,(anonymous_0)
FNDA:5,(anonymous_1)
FNDA:2,(anonymous_2)
FNDA:4,(anonymous_3)
FNDA:4,(anonymous_4)
FNDA:0,(anonymous_5)
FNDA:1,(anonymous_6)
FNDA:0,(anonymous_7)
DA:5,5
DA:7,5
DA:11,5
DA:15,5
DA:16,5
DA:17,5
DA:18,5
DA:19,5
DA:21,5
DA:35,5
DA:40,5
DA:41,5
DA:42,1
DA:47,4
DA:51,4
DA:52,5
DA:53,2
DA:56,2
DA:57,2
DA:58,2
DA:60,3
DA:72,5
DA:77,2
DA:78,2
DA:79,1
DA:84,1
DA:85,1
DA:87,1
DA:99,5
DA:104,4
DA:105,4
DA:106,4
DA:108,4
DA:112,2
DA:117,2
DA:118,2
DA:120,2
DA:135,5
DA:140,4
DA:141,4
DA:142,4
DA:144,4
DA:148,2
DA:153,2
DA:157,2
DA:158,0
DA:159,0
DA:162,2
DA:166,2
DA:168,2
DA:180,5
DA:185,1
DA:186,1
DA:187,1
DA:190,1
DA:193,1
DA:197,0
DA:202,1
DA:206,1
DA:208,0
DA:218,5
DA:223,0
DA:224,0
DA:225,0
DA:227,0
DA:231,0
DA:236,0
DA:237,0
DA:239,0
DA:244,5
LF:70
LH:58
BRDA:41,0,0,1
BRDA:41,0,1,4
BRDA:51,1,0,2
BRDA:51,1,1,2
BRDA:78,2,0,1
BRDA:78,2,1,1
BRDA:108,3,0,2
BRDA:108,3,1,2
BRDA:109,4,0,4
BRDA:109,4,1,3
BRDA:144,5,0,2
BRDA:144,5,1,2
BRDA:145,6,0,4
BRDA:145,6,1,3
BRDA:157,7,0,0
BRDA:157,7,1,2
BRDA:193,8,0,0
BRDA:193,8,1,1
BRDA:194,9,0,1
BRDA:194,9,1,0
BRDA:227,10,0,0
BRDA:227,10,1,0
BRDA:228,11,0,0
BRDA:228,11,1,0
BRF:24
BRH:17
end_of_record
